<?xml version="1.0" encoding="UTF-8" ?>
<testsuite tests="5" failures="0" name="com.atguigu.mybatis.test.ResultMapTest" time="0.228" errors="5" skipped="0">
  <properties>
[...]
</properties>
  <testcase classname="com.atguigu.mybatis.test.ResultMapTest" name="testGetEmpAndDept" time="0.053">
    <error message="
### Error querying database.  Cause: java.sql.SQLException: Access denied for user &apos;root&apos;@&apos;localhost&apos; (using password: YES)
### The error may exist in com/atguigu/mybatis/mapper/EmpMapper.xml
### The error may involve com.atguigu.mybatis.mapper.EmpMapper.getEmpAndDept
### The error occurred while executing a query
### Cause: java.sql.SQLException: Access denied for user &apos;root&apos;@&apos;localhost&apos; (using password: YES)" type="org.apache.ibatis.exceptions.PersistenceException">org.apache.ibatis.exceptions.PersistenceException: 
### Error querying database.  Cause: java.sql.SQLException: Access denied for user &apos;root&apos;@&apos;localhost&apos; (using password: YES)
### The error may exist in com/atguigu/mybatis/mapper/EmpMapper.xml
### The error may involve com.atguigu.mybatis.mapper.EmpMapper.getEmpAndDept
### The error occurred while executing a query
### Cause: java.sql.SQLException: Access denied for user &apos;root&apos;@&apos;localhost&apos; (using password: YES)
	at org.apache.ibatis.exceptions.ExceptionFactory.wrapException(ExceptionFactory.java:30)
	at org.apache.ibatis.session.defaults.DefaultSqlSession.selectList(DefaultSqlSession.java:153)
	at org.apache.ibatis.session.defaults.DefaultSqlSession.selectList(DefaultSqlSession.java:145)
	at org.apache.ibatis.session.defaults.DefaultSqlSession.selectList(DefaultSqlSession.java:140)
	at org.apache.ibatis.session.defaults.DefaultSqlSession.selectOne(DefaultSqlSession.java:76)
	at org.apache.ibatis.binding.MapperMethod.execute(MapperMethod.java:87)
	at org.apache.ibatis.binding.MapperProxy$PlainMethodInvoker.invoke(MapperProxy.java:145)
	at org.apache.ibatis.binding.MapperProxy.invoke(MapperProxy.java:86)
	at com.sun.proxy.$Proxy14.getEmpAndDept(Unknown Source)
	at com.atguigu.mybatis.test.ResultMapTest.testGetEmpAndDept(ResultMapTest.java:58)
	at sun.reflect.NativeMethodAccessorImpl.invoke0(Native Method)
	at sun.reflect.NativeMethodAccessorImpl.invoke(NativeMethodAccessorImpl.java:62)
	at sun.reflect.DelegatingMethodAccessorImpl.invoke(DelegatingMethodAccessorImpl.java:43)
	at java.lang.reflect.Method.invoke(Method.java:498)
	at org.junit.runners.model.FrameworkMethod$1.runReflectiveCall(FrameworkMethod.java:50)
	at org.junit.internal.runners.model.ReflectiveCallable.run(ReflectiveCallable.java:12)
	at org.junit.runners.model.FrameworkMethod.invokeExplosively(FrameworkMethod.java:47)
	at org.junit.internal.runners.statements.InvokeMethod.evaluate(InvokeMethod.java:17)
	at org.junit.runners.ParentRunner.runLeaf(ParentRunner.java:325)
	at org.junit.runners.BlockJUnit4ClassRunner.runChild(BlockJUnit4ClassRunner.java:78)
	at org.junit.runners.BlockJUnit4ClassRunner.runChild(BlockJUnit4ClassRunner.java:57)
	at org.junit.runners.ParentRunner$3.run(ParentRunner.java:290)
	at org.junit.runners.ParentRunner$1.schedule(ParentRunner.java:71)
	at org.junit.runners.ParentRunner.runChildren(ParentRunner.java:288)
	at org.junit.runners.ParentRunner.access$000(ParentRunner.java:58)
	at org.junit.runners.ParentRunner$2.evaluate(ParentRunner.java:268)
	at org.junit.runners.ParentRunner.run(ParentRunner.java:363)
	at org.apache.maven.surefire.junit4.JUnit4Provider.execute(JUnit4Provider.java:252)
	at org.apache.maven.surefire.junit4.JUnit4Provider.executeTestSet(JUnit4Provider.java:141)
	at org.apache.maven.surefire.junit4.JUnit4Provider.invoke(JUnit4Provider.java:112)
	at sun.reflect.NativeMethodAccessorImpl.invoke0(Native Method)
	at sun.reflect.NativeMethodAccessorImpl.invoke(NativeMethodAccessorImpl.java:62)
	at sun.reflect.DelegatingMethodAccessorImpl.invoke(DelegatingMethodAccessorImpl.java:43)
	at java.lang.reflect.Method.invoke(Method.java:498)
	at org.apache.maven.surefire.util.ReflectionUtils.invokeMethodWithArray(ReflectionUtils.java:189)
	at org.apache.maven.surefire.booter.ProviderFactory$ProviderProxy.invoke(ProviderFactory.java:165)
	at org.apache.maven.surefire.booter.ProviderFactory.invokeProvider(ProviderFactory.java:85)
	at org.apache.maven.surefire.booter.ForkedBooter.runSuitesInProcess(ForkedBooter.java:115)
	at org.apache.maven.surefire.booter.ForkedBooter.main(ForkedBooter.java:75)
Caused by: java.sql.SQLException: Access denied for user &apos;root&apos;@&apos;localhost&apos; (using password: YES)
	at com.mysql.jdbc.SQLError.createSQLException(SQLError.java:1056)
	at com.mysql.jdbc.SQLError.createSQLException(SQLError.java:957)
	at com.mysql.jdbc.MysqlIO.checkErrorPacket(MysqlIO.java:3378)
	at com.mysql.jdbc.MysqlIO.checkErrorPacket(MysqlIO.java:3310)
	at com.mysql.jdbc.MysqlIO.checkErrorPacket(MysqlIO.java:910)
	at com.mysql.jdbc.MysqlIO.secureAuth411(MysqlIO.java:3810)
	at com.mysql.jdbc.MysqlIO.doHandshake(MysqlIO.java:1272)
	at com.mysql.jdbc.ConnectionImpl.createNewIO(ConnectionImpl.java:1992)
	at com.mysql.jdbc.ConnectionImpl.&lt;init&gt;(ConnectionImpl.java:720)
	at com.mysql.jdbc.JDBC4Connection.&lt;init&gt;(JDBC4Connection.java:46)
	at sun.reflect.NativeConstructorAccessorImpl.newInstance0(Native Method)
	at sun.reflect.NativeConstructorAccessorImpl.newInstance(NativeConstructorAccessorImpl.java:62)
	at sun.reflect.DelegatingConstructorAccessorImpl.newInstance(DelegatingConstructorAccessorImpl.java:45)
	at java.lang.reflect.Constructor.newInstance(Constructor.java:423)
	at com.mysql.jdbc.Util.handleNewInstance(Util.java:403)
	at com.mysql.jdbc.ConnectionImpl.getInstance(ConnectionImpl.java:293)
	at com.mysql.jdbc.NonRegisteringDriver.connect(NonRegisteringDriver.java:283)
	at java.sql.DriverManager.getConnection(DriverManager.java:664)
	at java.sql.DriverManager.getConnection(DriverManager.java:208)
	at org.apache.ibatis.datasource.unpooled.UnpooledDataSource.doGetConnection(UnpooledDataSource.java:224)
	at org.apache.ibatis.datasource.unpooled.UnpooledDataSource.doGetConnection(UnpooledDataSource.java:219)
	at org.apache.ibatis.datasource.unpooled.UnpooledDataSource.getConnection(UnpooledDataSource.java:95)
	at org.apache.ibatis.datasource.pooled.PooledDataSource.popConnection(PooledDataSource.java:432)
	at org.apache.ibatis.datasource.pooled.PooledDataSource.getConnection(PooledDataSource.java:89)
	at org.apache.ibatis.transaction.jdbc.JdbcTransaction.openConnection(JdbcTransaction.java:139)
	at org.apache.ibatis.transaction.jdbc.JdbcTransaction.getConnection(JdbcTransaction.java:61)
	at org.apache.ibatis.executor.BaseExecutor.getConnection(BaseExecutor.java:337)
	at org.apache.ibatis.executor.SimpleExecutor.prepareStatement(SimpleExecutor.java:86)
	at org.apache.ibatis.executor.SimpleExecutor.doQuery(SimpleExecutor.java:62)
	at org.apache.ibatis.executor.BaseExecutor.queryFromDatabase(BaseExecutor.java:325)
	at org.apache.ibatis.executor.BaseExecutor.query(BaseExecutor.java:156)
	at org.apache.ibatis.executor.CachingExecutor.query(CachingExecutor.java:109)
	at org.apache.ibatis.executor.CachingExecutor.query(CachingExecutor.java:89)
	at org.apache.ibatis.session.defaults.DefaultSqlSession.selectList(DefaultSqlSession.java:151)
	... 37 more
</error>
    <system-out>[00:46:04.407] [DEBUG] [main] [org.apache.ibatis.io.DefaultVFS] [Find JAR URL: file:/D:/IDEA%20Java%20Coding/MyBatis/MyBatis_demo3/target/classes/com/atguigu/mybatis/pojo]
[00:46:04.408] [DEBUG] [main] [org.apache.ibatis.io.DefaultVFS] [Not a JAR: file:/D:/IDEA%20Java%20Coding/MyBatis/MyBatis_demo3/target/classes/com/atguigu/mybatis/pojo]
[00:46:04.408] [DEBUG] [main] [org.apache.ibatis.io.DefaultVFS] [Reader entry: Dept.class]
[00:46:04.408] [DEBUG] [main] [org.apache.ibatis.io.DefaultVFS] [Reader entry: Emp.class]
[00:46:04.408] [DEBUG] [main] [org.apache.ibatis.io.DefaultVFS] [Listing file:/D:/IDEA%20Java%20Coding/MyBatis/MyBatis_demo3/target/classes/com/atguigu/mybatis/pojo]
[00:46:04.409] [DEBUG] [main] [org.apache.ibatis.io.DefaultVFS] [Find JAR URL: file:/D:/IDEA%20Java%20Coding/MyBatis/MyBatis_demo3/target/classes/com/atguigu/mybatis/pojo/Dept.class]
[00:46:04.409] [DEBUG] [main] [org.apache.ibatis.io.DefaultVFS] [Not a JAR: file:/D:/IDEA%20Java%20Coding/MyBatis/MyBatis_demo3/target/classes/com/atguigu/mybatis/pojo/Dept.class]
[00:46:04.409] [DEBUG] [main] [org.apache.ibatis.io.DefaultVFS] [Reader entry: ����&amp;#0;&amp;#0;&amp;#0;1&amp;#0;D&amp;#7;&amp;#0;2]
[00:46:04.409] [DEBUG] [main] [org.apache.ibatis.io.DefaultVFS] [Find JAR URL: file:/D:/IDEA%20Java%20Coding/MyBatis/MyBatis_demo3/target/classes/com/atguigu/mybatis/pojo/Emp.class]
[00:46:04.409] [DEBUG] [main] [org.apache.ibatis.io.DefaultVFS] [Not a JAR: file:/D:/IDEA%20Java%20Coding/MyBatis/MyBatis_demo3/target/classes/com/atguigu/mybatis/pojo/Emp.class]
[00:46:04.409] [DEBUG] [main] [org.apache.ibatis.io.DefaultVFS] [Reader entry: ����&amp;#0;&amp;#0;&amp;#0;1&amp;#0;T&amp;#7;&amp;#0;&lt;]
[00:46:04.410] [DEBUG] [main] [org.apache.ibatis.io.ResolverUtil] [Checking to see if class com.atguigu.mybatis.pojo.Dept matches criteria [is assignable to Object]]
[00:46:04.410] [DEBUG] [main] [org.apache.ibatis.io.ResolverUtil] [Checking to see if class com.atguigu.mybatis.pojo.Emp matches criteria [is assignable to Object]]
[00:46:04.414] [DEBUG] [main] [org.apache.ibatis.datasource.pooled.PooledDataSource] [PooledDataSource forcefully closed/removed all connections.]
[00:46:04.415] [DEBUG] [main] [org.apache.ibatis.datasource.pooled.PooledDataSource] [PooledDataSource forcefully closed/removed all connections.]
[00:46:04.415] [DEBUG] [main] [org.apache.ibatis.datasource.pooled.PooledDataSource] [PooledDataSource forcefully closed/removed all connections.]
[00:46:04.415] [DEBUG] [main] [org.apache.ibatis.datasource.pooled.PooledDataSource] [PooledDataSource forcefully closed/removed all connections.]
[00:46:04.417] [DEBUG] [main] [org.apache.ibatis.io.DefaultVFS] [Find JAR URL: file:/D:/IDEA%20Java%20Coding/MyBatis/MyBatis_demo3/target/classes/com/atguigu/mybatis/mapper]
[00:46:04.417] [DEBUG] [main] [org.apache.ibatis.io.DefaultVFS] [Not a JAR: file:/D:/IDEA%20Java%20Coding/MyBatis/MyBatis_demo3/target/classes/com/atguigu/mybatis/mapper]
[00:46:04.419] [DEBUG] [main] [org.apache.ibatis.io.DefaultVFS] [Reader entry: CacheMapper.class]
[00:46:04.420] [DEBUG] [main] [org.apache.ibatis.io.DefaultVFS] [Reader entry: CacheMapper.xml]
[00:46:04.421] [DEBUG] [main] [org.apache.ibatis.io.DefaultVFS] [Reader entry: DeptMapper.class]
[00:46:04.421] [DEBUG] [main] [org.apache.ibatis.io.DefaultVFS] [Reader entry: DeptMapper.xml]
[00:46:04.421] [DEBUG] [main] [org.apache.ibatis.io.DefaultVFS] [Reader entry: DynamicSQLMapper.class]
[00:46:04.421] [DEBUG] [main] [org.apache.ibatis.io.DefaultVFS] [Reader entry: DynamicSQLMapper.xml]
[00:46:04.421] [DEBUG] [main] [org.apache.ibatis.io.DefaultVFS] [Reader entry: EmpMapper.class]
[00:46:04.423] [DEBUG] [main] [org.apache.ibatis.io.DefaultVFS] [Reader entry: EmpMapper.xml]
[00:46:04.423] [DEBUG] [main] [org.apache.ibatis.io.DefaultVFS] [Listing file:/D:/IDEA%20Java%20Coding/MyBatis/MyBatis_demo3/target/classes/com/atguigu/mybatis/mapper]
[00:46:04.423] [DEBUG] [main] [org.apache.ibatis.io.DefaultVFS] [Find JAR URL: file:/D:/IDEA%20Java%20Coding/MyBatis/MyBatis_demo3/target/classes/com/atguigu/mybatis/mapper/CacheMapper.class]
[00:46:04.423] [DEBUG] [main] [org.apache.ibatis.io.DefaultVFS] [Not a JAR: file:/D:/IDEA%20Java%20Coding/MyBatis/MyBatis_demo3/target/classes/com/atguigu/mybatis/mapper/CacheMapper.class]
[00:46:04.429] [DEBUG] [main] [org.apache.ibatis.io.DefaultVFS] [Reader entry: ����&amp;#0;&amp;#0;&amp;#0;1&amp;#0;&amp;#15;&amp;#7;&amp;#0;]
[00:46:04.430] [DEBUG] [main] [org.apache.ibatis.io.DefaultVFS] [Find JAR URL: file:/D:/IDEA%20Java%20Coding/MyBatis/MyBatis_demo3/target/classes/com/atguigu/mybatis/mapper/CacheMapper.xml]
[00:46:04.431] [DEBUG] [main] [org.apache.ibatis.io.DefaultVFS] [Not a JAR: file:/D:/IDEA%20Java%20Coding/MyBatis/MyBatis_demo3/target/classes/com/atguigu/mybatis/mapper/CacheMapper.xml]
[00:46:04.431] [DEBUG] [main] [org.apache.ibatis.io.DefaultVFS] [Reader entry: &lt;?xml version=&quot;1.0&quot; encoding=&quot;UTF-8&quot; ?&gt;]
[00:46:04.431] [DEBUG] [main] [org.apache.ibatis.io.DefaultVFS] [Find JAR URL: file:/D:/IDEA%20Java%20Coding/MyBatis/MyBatis_demo3/target/classes/com/atguigu/mybatis/mapper/DeptMapper.class]
[00:46:04.432] [DEBUG] [main] [org.apache.ibatis.io.DefaultVFS] [Not a JAR: file:/D:/IDEA%20Java%20Coding/MyBatis/MyBatis_demo3/target/classes/com/atguigu/mybatis/mapper/DeptMapper.class]
[00:46:04.432] [DEBUG] [main] [org.apache.ibatis.io.DefaultVFS] [Reader entry: ����&amp;#0;&amp;#0;&amp;#0;1&amp;#0;&amp;#15;&amp;#7;&amp;#0;]
[00:46:04.432] [DEBUG] [main] [org.apache.ibatis.io.DefaultVFS] [Find JAR URL: file:/D:/IDEA%20Java%20Coding/MyBatis/MyBatis_demo3/target/classes/com/atguigu/mybatis/mapper/DeptMapper.xml]
[00:46:04.432] [DEBUG] [main] [org.apache.ibatis.io.DefaultVFS] [Not a JAR: file:/D:/IDEA%20Java%20Coding/MyBatis/MyBatis_demo3/target/classes/com/atguigu/mybatis/mapper/DeptMapper.xml]
[00:46:04.433] [DEBUG] [main] [org.apache.ibatis.io.DefaultVFS] [Reader entry: &lt;?xml version=&quot;1.0&quot; encoding=&quot;UTF-8&quot; ?&gt;]
[00:46:04.433] [DEBUG] [main] [org.apache.ibatis.io.DefaultVFS] [Find JAR URL: file:/D:/IDEA%20Java%20Coding/MyBatis/MyBatis_demo3/target/classes/com/atguigu/mybatis/mapper/DynamicSQLMapper.class]
[00:46:04.434] [DEBUG] [main] [org.apache.ibatis.io.DefaultVFS] [Not a JAR: file:/D:/IDEA%20Java%20Coding/MyBatis/MyBatis_demo3/target/classes/com/atguigu/mybatis/mapper/DynamicSQLMapper.class]
[00:46:04.434] [DEBUG] [main] [org.apache.ibatis.io.DefaultVFS] [Reader entry: ����&amp;#0;&amp;#0;&amp;#0;1&amp;#0;&amp;#22;&amp;#7;&amp;#0;&amp;#20;&amp;#7;&amp;#0;&amp;#21;&amp;#1;&amp;#0;&amp;#17;getEmpByCondition&amp;#1;&amp;#0;0(Lcom/atguigu/mybatis/pojo/Emp;)Ljava/util/List;&amp;#1;&amp;#0;	Signature&amp;#1;&amp;#0;P(Lcom/atguigu/mybatis/pojo/Emp;)Ljava/util/List&lt;Lcom/atguigu/mybatis/pojo/Emp;&gt;;&amp;#1;&amp;#0;&amp;#14;getEmpByChoose&amp;#1;&amp;#0;&amp;#17;deleteMoreByArray&amp;#1;&amp;#0;&amp;#23;([Ljava/lang/Integer;)I&amp;#1;&amp;#0;&quot;RuntimeVisibleParameterAnnotations&amp;#1;&amp;#0;%Lorg/apache/ibatis/annotations/Param;&amp;#1;&amp;#0;&amp;#5;value&amp;#1;&amp;#0;&amp;#4;eids&amp;#1;&amp;#0;&amp;#16;insertMoreByList&amp;#1;&amp;#0;&amp;#19;(Ljava/util/List;)I&amp;#1;&amp;#0;3(Ljava/util/List&lt;Lcom/atguigu/mybatis/pojo/Emp;&gt;;)I&amp;#1;&amp;#0;&amp;#4;emps&amp;#1;&amp;#0;]
[00:46:04.435] [DEBUG] [main] [org.apache.ibatis.io.DefaultVFS] [Find JAR URL: file:/D:/IDEA%20Java%20Coding/MyBatis/MyBatis_demo3/target/classes/com/atguigu/mybatis/mapper/DynamicSQLMapper.xml]
[00:46:04.435] [DEBUG] [main] [org.apache.ibatis.io.DefaultVFS] [Not a JAR: file:/D:/IDEA%20Java%20Coding/MyBatis/MyBatis_demo3/target/classes/com/atguigu/mybatis/mapper/DynamicSQLMapper.xml]
[00:46:04.436] [DEBUG] [main] [org.apache.ibatis.io.DefaultVFS] [Reader entry: &lt;?xml version=&quot;1.0&quot; encoding=&quot;UTF-8&quot; ?&gt;]
[00:46:04.436] [DEBUG] [main] [org.apache.ibatis.io.DefaultVFS] [Find JAR URL: file:/D:/IDEA%20Java%20Coding/MyBatis/MyBatis_demo3/target/classes/com/atguigu/mybatis/mapper/EmpMapper.class]
[00:46:04.436] [DEBUG] [main] [org.apache.ibatis.io.DefaultVFS] [Not a JAR: file:/D:/IDEA%20Java%20Coding/MyBatis/MyBatis_demo3/target/classes/com/atguigu/mybatis/mapper/EmpMapper.class]
[00:46:04.437] [DEBUG] [main] [org.apache.ibatis.io.DefaultVFS] [Reader entry: ����&amp;#0;&amp;#0;&amp;#0;1&amp;#0;&amp;#22;&amp;#7;&amp;#0;&amp;#20;&amp;#7;&amp;#0;&amp;#21;&amp;#1;&amp;#0;	getAllEmp&amp;#1;&amp;#0;&amp;#18;()Ljava/util/List;&amp;#1;&amp;#0;	Signature&amp;#1;&amp;#0;2()Ljava/util/List&lt;Lcom/atguigu/mybatis/pojo/Emp;&gt;;&amp;#1;&amp;#0;]
[00:46:04.437] [DEBUG] [main] [org.apache.ibatis.io.DefaultVFS] [Find JAR URL: file:/D:/IDEA%20Java%20Coding/MyBatis/MyBatis_demo3/target/classes/com/atguigu/mybatis/mapper/EmpMapper.xml]
[00:46:04.437] [DEBUG] [main] [org.apache.ibatis.io.DefaultVFS] [Not a JAR: file:/D:/IDEA%20Java%20Coding/MyBatis/MyBatis_demo3/target/classes/com/atguigu/mybatis/mapper/EmpMapper.xml]
[00:46:04.437] [DEBUG] [main] [org.apache.ibatis.io.DefaultVFS] [Reader entry: &lt;?xml version=&quot;1.0&quot; encoding=&quot;UTF-8&quot; ?&gt;]
[00:46:04.438] [DEBUG] [main] [org.apache.ibatis.io.ResolverUtil] [Checking to see if class com.atguigu.mybatis.mapper.CacheMapper matches criteria [is assignable to Object]]
[00:46:04.438] [DEBUG] [main] [org.apache.ibatis.io.ResolverUtil] [Checking to see if class com.atguigu.mybatis.mapper.DeptMapper matches criteria [is assignable to Object]]
[00:46:04.438] [DEBUG] [main] [org.apache.ibatis.io.ResolverUtil] [Checking to see if class com.atguigu.mybatis.mapper.DynamicSQLMapper matches criteria [is assignable to Object]]
[00:46:04.438] [DEBUG] [main] [org.apache.ibatis.io.ResolverUtil] [Checking to see if class com.atguigu.mybatis.mapper.EmpMapper matches criteria [is assignable to Object]]
[00:46:04.467] [DEBUG] [Finalizer] [org.apache.ibatis.datasource.pooled.PooledDataSource] [PooledDataSource forcefully closed/removed all connections.]
[00:46:04.467] [DEBUG] [Finalizer] [org.apache.ibatis.datasource.pooled.PooledDataSource] [PooledDataSource forcefully closed/removed all connections.]
[00:46:04.467] [DEBUG] [Finalizer] [org.apache.ibatis.datasource.pooled.PooledDataSource] [PooledDataSource forcefully closed/removed all connections.]
[00:46:04.470] [DEBUG] [main] [org.apache.ibatis.transaction.jdbc.JdbcTransaction] [Opening JDBC Connection]
</system-out>
  </testcase>
  <testcase classname="com.atguigu.mybatis.test.ResultMapTest" name="testGetEmpAndDeptByStep" time="0.05">
    <error message="
### Error querying database.  Cause: java.sql.SQLException: Access denied for user &apos;root&apos;@&apos;localhost&apos; (using password: YES)
### The error may exist in com/atguigu/mybatis/mapper/EmpMapper.xml
### The error may involve com.atguigu.mybatis.mapper.EmpMapper.getEmpAndDeptByStepOne
### The error occurred while executing a query
### Cause: java.sql.SQLException: Access denied for user &apos;root&apos;@&apos;localhost&apos; (using password: YES)" type="org.apache.ibatis.exceptions.PersistenceException">org.apache.ibatis.exceptions.PersistenceException: 
### Error querying database.  Cause: java.sql.SQLException: Access denied for user &apos;root&apos;@&apos;localhost&apos; (using password: YES)
### The error may exist in com/atguigu/mybatis/mapper/EmpMapper.xml
### The error may involve com.atguigu.mybatis.mapper.EmpMapper.getEmpAndDeptByStepOne
### The error occurred while executing a query
### Cause: java.sql.SQLException: Access denied for user &apos;root&apos;@&apos;localhost&apos; (using password: YES)
	at org.apache.ibatis.exceptions.ExceptionFactory.wrapException(ExceptionFactory.java:30)
	at org.apache.ibatis.session.defaults.DefaultSqlSession.selectList(DefaultSqlSession.java:153)
	at org.apache.ibatis.session.defaults.DefaultSqlSession.selectList(DefaultSqlSession.java:145)
	at org.apache.ibatis.session.defaults.DefaultSqlSession.selectList(DefaultSqlSession.java:140)
	at org.apache.ibatis.session.defaults.DefaultSqlSession.selectOne(DefaultSqlSession.java:76)
	at org.apache.ibatis.binding.MapperMethod.execute(MapperMethod.java:87)
	at org.apache.ibatis.binding.MapperProxy$PlainMethodInvoker.invoke(MapperProxy.java:145)
	at org.apache.ibatis.binding.MapperProxy.invoke(MapperProxy.java:86)
	at com.sun.proxy.$Proxy14.getEmpAndDeptByStepOne(Unknown Source)
	at com.atguigu.mybatis.test.ResultMapTest.testGetEmpAndDeptByStep(ResultMapTest.java:48)
	at sun.reflect.NativeMethodAccessorImpl.invoke0(Native Method)
	at sun.reflect.NativeMethodAccessorImpl.invoke(NativeMethodAccessorImpl.java:62)
	at sun.reflect.DelegatingMethodAccessorImpl.invoke(DelegatingMethodAccessorImpl.java:43)
	at java.lang.reflect.Method.invoke(Method.java:498)
	at org.junit.runners.model.FrameworkMethod$1.runReflectiveCall(FrameworkMethod.java:50)
	at org.junit.internal.runners.model.ReflectiveCallable.run(ReflectiveCallable.java:12)
	at org.junit.runners.model.FrameworkMethod.invokeExplosively(FrameworkMethod.java:47)
	at org.junit.internal.runners.statements.InvokeMethod.evaluate(InvokeMethod.java:17)
	at org.junit.runners.ParentRunner.runLeaf(ParentRunner.java:325)
	at org.junit.runners.BlockJUnit4ClassRunner.runChild(BlockJUnit4ClassRunner.java:78)
	at org.junit.runners.BlockJUnit4ClassRunner.runChild(BlockJUnit4ClassRunner.java:57)
	at org.junit.runners.ParentRunner$3.run(ParentRunner.java:290)
	at org.junit.runners.ParentRunner$1.schedule(ParentRunner.java:71)
	at org.junit.runners.ParentRunner.runChildren(ParentRunner.java:288)
	at org.junit.runners.ParentRunner.access$000(ParentRunner.java:58)
	at org.junit.runners.ParentRunner$2.evaluate(ParentRunner.java:268)
	at org.junit.runners.ParentRunner.run(ParentRunner.java:363)
	at org.apache.maven.surefire.junit4.JUnit4Provider.execute(JUnit4Provider.java:252)
	at org.apache.maven.surefire.junit4.JUnit4Provider.executeTestSet(JUnit4Provider.java:141)
	at org.apache.maven.surefire.junit4.JUnit4Provider.invoke(JUnit4Provider.java:112)
	at sun.reflect.NativeMethodAccessorImpl.invoke0(Native Method)
	at sun.reflect.NativeMethodAccessorImpl.invoke(NativeMethodAccessorImpl.java:62)
	at sun.reflect.DelegatingMethodAccessorImpl.invoke(DelegatingMethodAccessorImpl.java:43)
	at java.lang.reflect.Method.invoke(Method.java:498)
	at org.apache.maven.surefire.util.ReflectionUtils.invokeMethodWithArray(ReflectionUtils.java:189)
	at org.apache.maven.surefire.booter.ProviderFactory$ProviderProxy.invoke(ProviderFactory.java:165)
	at org.apache.maven.surefire.booter.ProviderFactory.invokeProvider(ProviderFactory.java:85)
	at org.apache.maven.surefire.booter.ForkedBooter.runSuitesInProcess(ForkedBooter.java:115)
	at org.apache.maven.surefire.booter.ForkedBooter.main(ForkedBooter.java:75)
Caused by: java.sql.SQLException: Access denied for user &apos;root&apos;@&apos;localhost&apos; (using password: YES)
	at com.mysql.jdbc.SQLError.createSQLException(SQLError.java:1056)
	at com.mysql.jdbc.SQLError.createSQLException(SQLError.java:957)
	at com.mysql.jdbc.MysqlIO.checkErrorPacket(MysqlIO.java:3378)
	at com.mysql.jdbc.MysqlIO.checkErrorPacket(MysqlIO.java:3310)
	at com.mysql.jdbc.MysqlIO.checkErrorPacket(MysqlIO.java:910)
	at com.mysql.jdbc.MysqlIO.secureAuth411(MysqlIO.java:3810)
	at com.mysql.jdbc.MysqlIO.doHandshake(MysqlIO.java:1272)
	at com.mysql.jdbc.ConnectionImpl.createNewIO(ConnectionImpl.java:1992)
	at com.mysql.jdbc.ConnectionImpl.&lt;init&gt;(ConnectionImpl.java:720)
	at com.mysql.jdbc.JDBC4Connection.&lt;init&gt;(JDBC4Connection.java:46)
	at sun.reflect.NativeConstructorAccessorImpl.newInstance0(Native Method)
	at sun.reflect.NativeConstructorAccessorImpl.newInstance(NativeConstructorAccessorImpl.java:62)
	at sun.reflect.DelegatingConstructorAccessorImpl.newInstance(DelegatingConstructorAccessorImpl.java:45)
	at java.lang.reflect.Constructor.newInstance(Constructor.java:423)
	at com.mysql.jdbc.Util.handleNewInstance(Util.java:403)
	at com.mysql.jdbc.ConnectionImpl.getInstance(ConnectionImpl.java:293)
	at com.mysql.jdbc.NonRegisteringDriver.connect(NonRegisteringDriver.java:283)
	at java.sql.DriverManager.getConnection(DriverManager.java:664)
	at java.sql.DriverManager.getConnection(DriverManager.java:208)
	at org.apache.ibatis.datasource.unpooled.UnpooledDataSource.doGetConnection(UnpooledDataSource.java:224)
	at org.apache.ibatis.datasource.unpooled.UnpooledDataSource.doGetConnection(UnpooledDataSource.java:219)
	at org.apache.ibatis.datasource.unpooled.UnpooledDataSource.getConnection(UnpooledDataSource.java:95)
	at org.apache.ibatis.datasource.pooled.PooledDataSource.popConnection(PooledDataSource.java:432)
	at org.apache.ibatis.datasource.pooled.PooledDataSource.getConnection(PooledDataSource.java:89)
	at org.apache.ibatis.transaction.jdbc.JdbcTransaction.openConnection(JdbcTransaction.java:139)
	at org.apache.ibatis.transaction.jdbc.JdbcTransaction.getConnection(JdbcTransaction.java:61)
	at org.apache.ibatis.executor.BaseExecutor.getConnection(BaseExecutor.java:337)
	at org.apache.ibatis.executor.SimpleExecutor.prepareStatement(SimpleExecutor.java:86)
	at org.apache.ibatis.executor.SimpleExecutor.doQuery(SimpleExecutor.java:62)
	at org.apache.ibatis.executor.BaseExecutor.queryFromDatabase(BaseExecutor.java:325)
	at org.apache.ibatis.executor.BaseExecutor.query(BaseExecutor.java:156)
	at org.apache.ibatis.executor.CachingExecutor.query(CachingExecutor.java:109)
	at org.apache.ibatis.executor.CachingExecutor.query(CachingExecutor.java:89)
	at org.apache.ibatis.session.defaults.DefaultSqlSession.selectList(DefaultSqlSession.java:151)
	... 37 more
</error>
    <system-out>[00:46:04.484] [DEBUG] [main] [org.apache.ibatis.io.DefaultVFS] [Find JAR URL: file:/D:/IDEA%20Java%20Coding/MyBatis/MyBatis_demo3/target/classes/com/atguigu/mybatis/pojo]
[00:46:04.484] [DEBUG] [main] [org.apache.ibatis.io.DefaultVFS] [Not a JAR: file:/D:/IDEA%20Java%20Coding/MyBatis/MyBatis_demo3/target/classes/com/atguigu/mybatis/pojo]
[00:46:04.485] [DEBUG] [main] [org.apache.ibatis.io.DefaultVFS] [Reader entry: Dept.class]
[00:46:04.485] [DEBUG] [main] [org.apache.ibatis.io.DefaultVFS] [Reader entry: Emp.class]
[00:46:04.485] [DEBUG] [main] [org.apache.ibatis.io.DefaultVFS] [Listing file:/D:/IDEA%20Java%20Coding/MyBatis/MyBatis_demo3/target/classes/com/atguigu/mybatis/pojo]
[00:46:04.485] [DEBUG] [main] [org.apache.ibatis.io.DefaultVFS] [Find JAR URL: file:/D:/IDEA%20Java%20Coding/MyBatis/MyBatis_demo3/target/classes/com/atguigu/mybatis/pojo/Dept.class]
[00:46:04.485] [DEBUG] [main] [org.apache.ibatis.io.DefaultVFS] [Not a JAR: file:/D:/IDEA%20Java%20Coding/MyBatis/MyBatis_demo3/target/classes/com/atguigu/mybatis/pojo/Dept.class]
[00:46:04.485] [DEBUG] [main] [org.apache.ibatis.io.DefaultVFS] [Reader entry: ����&amp;#0;&amp;#0;&amp;#0;1&amp;#0;D&amp;#7;&amp;#0;2]
[00:46:04.486] [DEBUG] [main] [org.apache.ibatis.io.DefaultVFS] [Find JAR URL: file:/D:/IDEA%20Java%20Coding/MyBatis/MyBatis_demo3/target/classes/com/atguigu/mybatis/pojo/Emp.class]
[00:46:04.486] [DEBUG] [main] [org.apache.ibatis.io.DefaultVFS] [Not a JAR: file:/D:/IDEA%20Java%20Coding/MyBatis/MyBatis_demo3/target/classes/com/atguigu/mybatis/pojo/Emp.class]
[00:46:04.486] [DEBUG] [main] [org.apache.ibatis.io.DefaultVFS] [Reader entry: ����&amp;#0;&amp;#0;&amp;#0;1&amp;#0;T&amp;#7;&amp;#0;&lt;]
[00:46:04.486] [DEBUG] [main] [org.apache.ibatis.io.ResolverUtil] [Checking to see if class com.atguigu.mybatis.pojo.Dept matches criteria [is assignable to Object]]
[00:46:04.486] [DEBUG] [main] [org.apache.ibatis.io.ResolverUtil] [Checking to see if class com.atguigu.mybatis.pojo.Emp matches criteria [is assignable to Object]]
[00:46:04.487] [DEBUG] [main] [org.apache.ibatis.datasource.pooled.PooledDataSource] [PooledDataSource forcefully closed/removed all connections.]
[00:46:04.488] [DEBUG] [main] [org.apache.ibatis.datasource.pooled.PooledDataSource] [PooledDataSource forcefully closed/removed all connections.]
[00:46:04.488] [DEBUG] [main] [org.apache.ibatis.datasource.pooled.PooledDataSource] [PooledDataSource forcefully closed/removed all connections.]
[00:46:04.488] [DEBUG] [main] [org.apache.ibatis.datasource.pooled.PooledDataSource] [PooledDataSource forcefully closed/removed all connections.]
[00:46:04.488] [DEBUG] [main] [org.apache.ibatis.io.DefaultVFS] [Find JAR URL: file:/D:/IDEA%20Java%20Coding/MyBatis/MyBatis_demo3/target/classes/com/atguigu/mybatis/mapper]
[00:46:04.489] [DEBUG] [main] [org.apache.ibatis.io.DefaultVFS] [Not a JAR: file:/D:/IDEA%20Java%20Coding/MyBatis/MyBatis_demo3/target/classes/com/atguigu/mybatis/mapper]
[00:46:04.489] [DEBUG] [main] [org.apache.ibatis.io.DefaultVFS] [Reader entry: CacheMapper.class]
[00:46:04.489] [DEBUG] [main] [org.apache.ibatis.io.DefaultVFS] [Reader entry: CacheMapper.xml]
[00:46:04.490] [DEBUG] [main] [org.apache.ibatis.io.DefaultVFS] [Reader entry: DeptMapper.class]
[00:46:04.490] [DEBUG] [main] [org.apache.ibatis.io.DefaultVFS] [Reader entry: DeptMapper.xml]
[00:46:04.490] [DEBUG] [main] [org.apache.ibatis.io.DefaultVFS] [Reader entry: DynamicSQLMapper.class]
[00:46:04.490] [DEBUG] [main] [org.apache.ibatis.io.DefaultVFS] [Reader entry: DynamicSQLMapper.xml]
[00:46:04.490] [DEBUG] [main] [org.apache.ibatis.io.DefaultVFS] [Reader entry: EmpMapper.class]
[00:46:04.490] [DEBUG] [main] [org.apache.ibatis.io.DefaultVFS] [Reader entry: EmpMapper.xml]
[00:46:04.490] [DEBUG] [main] [org.apache.ibatis.io.DefaultVFS] [Listing file:/D:/IDEA%20Java%20Coding/MyBatis/MyBatis_demo3/target/classes/com/atguigu/mybatis/mapper]
[00:46:04.490] [DEBUG] [main] [org.apache.ibatis.io.DefaultVFS] [Find JAR URL: file:/D:/IDEA%20Java%20Coding/MyBatis/MyBatis_demo3/target/classes/com/atguigu/mybatis/mapper/CacheMapper.class]
[00:46:04.490] [DEBUG] [main] [org.apache.ibatis.io.DefaultVFS] [Not a JAR: file:/D:/IDEA%20Java%20Coding/MyBatis/MyBatis_demo3/target/classes/com/atguigu/mybatis/mapper/CacheMapper.class]
[00:46:04.491] [DEBUG] [main] [org.apache.ibatis.io.DefaultVFS] [Reader entry: ����&amp;#0;&amp;#0;&amp;#0;1&amp;#0;&amp;#15;&amp;#7;&amp;#0;]
[00:46:04.491] [DEBUG] [main] [org.apache.ibatis.io.DefaultVFS] [Find JAR URL: file:/D:/IDEA%20Java%20Coding/MyBatis/MyBatis_demo3/target/classes/com/atguigu/mybatis/mapper/CacheMapper.xml]
[00:46:04.491] [DEBUG] [main] [org.apache.ibatis.io.DefaultVFS] [Not a JAR: file:/D:/IDEA%20Java%20Coding/MyBatis/MyBatis_demo3/target/classes/com/atguigu/mybatis/mapper/CacheMapper.xml]
[00:46:04.491] [DEBUG] [main] [org.apache.ibatis.io.DefaultVFS] [Reader entry: &lt;?xml version=&quot;1.0&quot; encoding=&quot;UTF-8&quot; ?&gt;]
[00:46:04.491] [DEBUG] [main] [org.apache.ibatis.io.DefaultVFS] [Find JAR URL: file:/D:/IDEA%20Java%20Coding/MyBatis/MyBatis_demo3/target/classes/com/atguigu/mybatis/mapper/DeptMapper.class]
[00:46:04.491] [DEBUG] [main] [org.apache.ibatis.io.DefaultVFS] [Not a JAR: file:/D:/IDEA%20Java%20Coding/MyBatis/MyBatis_demo3/target/classes/com/atguigu/mybatis/mapper/DeptMapper.class]
[00:46:04.492] [DEBUG] [main] [org.apache.ibatis.io.DefaultVFS] [Reader entry: ����&amp;#0;&amp;#0;&amp;#0;1&amp;#0;&amp;#15;&amp;#7;&amp;#0;]
[00:46:04.492] [DEBUG] [main] [org.apache.ibatis.io.DefaultVFS] [Find JAR URL: file:/D:/IDEA%20Java%20Coding/MyBatis/MyBatis_demo3/target/classes/com/atguigu/mybatis/mapper/DeptMapper.xml]
[00:46:04.492] [DEBUG] [main] [org.apache.ibatis.io.DefaultVFS] [Not a JAR: file:/D:/IDEA%20Java%20Coding/MyBatis/MyBatis_demo3/target/classes/com/atguigu/mybatis/mapper/DeptMapper.xml]
[00:46:04.495] [DEBUG] [main] [org.apache.ibatis.io.DefaultVFS] [Reader entry: &lt;?xml version=&quot;1.0&quot; encoding=&quot;UTF-8&quot; ?&gt;]
[00:46:04.495] [DEBUG] [main] [org.apache.ibatis.io.DefaultVFS] [Find JAR URL: file:/D:/IDEA%20Java%20Coding/MyBatis/MyBatis_demo3/target/classes/com/atguigu/mybatis/mapper/DynamicSQLMapper.class]
[00:46:04.495] [DEBUG] [main] [org.apache.ibatis.io.DefaultVFS] [Not a JAR: file:/D:/IDEA%20Java%20Coding/MyBatis/MyBatis_demo3/target/classes/com/atguigu/mybatis/mapper/DynamicSQLMapper.class]
[00:46:04.496] [DEBUG] [main] [org.apache.ibatis.io.DefaultVFS] [Reader entry: ����&amp;#0;&amp;#0;&amp;#0;1&amp;#0;&amp;#22;&amp;#7;&amp;#0;&amp;#20;&amp;#7;&amp;#0;&amp;#21;&amp;#1;&amp;#0;&amp;#17;getEmpByCondition&amp;#1;&amp;#0;0(Lcom/atguigu/mybatis/pojo/Emp;)Ljava/util/List;&amp;#1;&amp;#0;	Signature&amp;#1;&amp;#0;P(Lcom/atguigu/mybatis/pojo/Emp;)Ljava/util/List&lt;Lcom/atguigu/mybatis/pojo/Emp;&gt;;&amp;#1;&amp;#0;&amp;#14;getEmpByChoose&amp;#1;&amp;#0;&amp;#17;deleteMoreByArray&amp;#1;&amp;#0;&amp;#23;([Ljava/lang/Integer;)I&amp;#1;&amp;#0;&quot;RuntimeVisibleParameterAnnotations&amp;#1;&amp;#0;%Lorg/apache/ibatis/annotations/Param;&amp;#1;&amp;#0;&amp;#5;value&amp;#1;&amp;#0;&amp;#4;eids&amp;#1;&amp;#0;&amp;#16;insertMoreByList&amp;#1;&amp;#0;&amp;#19;(Ljava/util/List;)I&amp;#1;&amp;#0;3(Ljava/util/List&lt;Lcom/atguigu/mybatis/pojo/Emp;&gt;;)I&amp;#1;&amp;#0;&amp;#4;emps&amp;#1;&amp;#0;]
[00:46:04.496] [DEBUG] [main] [org.apache.ibatis.io.DefaultVFS] [Find JAR URL: file:/D:/IDEA%20Java%20Coding/MyBatis/MyBatis_demo3/target/classes/com/atguigu/mybatis/mapper/DynamicSQLMapper.xml]
[00:46:04.496] [DEBUG] [main] [org.apache.ibatis.io.DefaultVFS] [Not a JAR: file:/D:/IDEA%20Java%20Coding/MyBatis/MyBatis_demo3/target/classes/com/atguigu/mybatis/mapper/DynamicSQLMapper.xml]
[00:46:04.496] [DEBUG] [main] [org.apache.ibatis.io.DefaultVFS] [Reader entry: &lt;?xml version=&quot;1.0&quot; encoding=&quot;UTF-8&quot; ?&gt;]
[00:46:04.497] [DEBUG] [main] [org.apache.ibatis.io.DefaultVFS] [Find JAR URL: file:/D:/IDEA%20Java%20Coding/MyBatis/MyBatis_demo3/target/classes/com/atguigu/mybatis/mapper/EmpMapper.class]
[00:46:04.497] [DEBUG] [main] [org.apache.ibatis.io.DefaultVFS] [Not a JAR: file:/D:/IDEA%20Java%20Coding/MyBatis/MyBatis_demo3/target/classes/com/atguigu/mybatis/mapper/EmpMapper.class]
[00:46:04.497] [DEBUG] [main] [org.apache.ibatis.io.DefaultVFS] [Reader entry: ����&amp;#0;&amp;#0;&amp;#0;1&amp;#0;&amp;#22;&amp;#7;&amp;#0;&amp;#20;&amp;#7;&amp;#0;&amp;#21;&amp;#1;&amp;#0;	getAllEmp&amp;#1;&amp;#0;&amp;#18;()Ljava/util/List;&amp;#1;&amp;#0;	Signature&amp;#1;&amp;#0;2()Ljava/util/List&lt;Lcom/atguigu/mybatis/pojo/Emp;&gt;;&amp;#1;&amp;#0;]
[00:46:04.497] [DEBUG] [main] [org.apache.ibatis.io.DefaultVFS] [Find JAR URL: file:/D:/IDEA%20Java%20Coding/MyBatis/MyBatis_demo3/target/classes/com/atguigu/mybatis/mapper/EmpMapper.xml]
[00:46:04.497] [DEBUG] [main] [org.apache.ibatis.io.DefaultVFS] [Not a JAR: file:/D:/IDEA%20Java%20Coding/MyBatis/MyBatis_demo3/target/classes/com/atguigu/mybatis/mapper/EmpMapper.xml]
[00:46:04.498] [DEBUG] [main] [org.apache.ibatis.io.DefaultVFS] [Reader entry: &lt;?xml version=&quot;1.0&quot; encoding=&quot;UTF-8&quot; ?&gt;]
[00:46:04.498] [DEBUG] [main] [org.apache.ibatis.io.ResolverUtil] [Checking to see if class com.atguigu.mybatis.mapper.CacheMapper matches criteria [is assignable to Object]]
[00:46:04.498] [DEBUG] [main] [org.apache.ibatis.io.ResolverUtil] [Checking to see if class com.atguigu.mybatis.mapper.DeptMapper matches criteria [is assignable to Object]]
[00:46:04.498] [DEBUG] [main] [org.apache.ibatis.io.ResolverUtil] [Checking to see if class com.atguigu.mybatis.mapper.DynamicSQLMapper matches criteria [is assignable to Object]]
[00:46:04.498] [DEBUG] [main] [org.apache.ibatis.io.ResolverUtil] [Checking to see if class com.atguigu.mybatis.mapper.EmpMapper matches criteria [is assignable to Object]]
[00:46:04.523] [DEBUG] [main] [org.apache.ibatis.transaction.jdbc.JdbcTransaction] [Opening JDBC Connection]
</system-out>
  </testcase>
  <testcase classname="com.atguigu.mybatis.test.ResultMapTest" name="testGetDeptAndEmpByStep" time="0.046">
    <error message="
### Error querying database.  Cause: java.sql.SQLException: Access denied for user &apos;root&apos;@&apos;localhost&apos; (using password: YES)
### The error may exist in com/atguigu/mybatis/mapper/DeptMapper.xml
### The error may involve com.atguigu.mybatis.mapper.DeptMapper.getDeptAndEmpByStepOne
### The error occurred while executing a query
### Cause: java.sql.SQLException: Access denied for user &apos;root&apos;@&apos;localhost&apos; (using password: YES)" type="org.apache.ibatis.exceptions.PersistenceException">org.apache.ibatis.exceptions.PersistenceException: 
### Error querying database.  Cause: java.sql.SQLException: Access denied for user &apos;root&apos;@&apos;localhost&apos; (using password: YES)
### The error may exist in com/atguigu/mybatis/mapper/DeptMapper.xml
### The error may involve com.atguigu.mybatis.mapper.DeptMapper.getDeptAndEmpByStepOne
### The error occurred while executing a query
### Cause: java.sql.SQLException: Access denied for user &apos;root&apos;@&apos;localhost&apos; (using password: YES)
	at org.apache.ibatis.exceptions.ExceptionFactory.wrapException(ExceptionFactory.java:30)
	at org.apache.ibatis.session.defaults.DefaultSqlSession.selectList(DefaultSqlSession.java:153)
	at org.apache.ibatis.session.defaults.DefaultSqlSession.selectList(DefaultSqlSession.java:145)
	at org.apache.ibatis.session.defaults.DefaultSqlSession.selectList(DefaultSqlSession.java:140)
	at org.apache.ibatis.session.defaults.DefaultSqlSession.selectOne(DefaultSqlSession.java:76)
	at org.apache.ibatis.binding.MapperMethod.execute(MapperMethod.java:87)
	at org.apache.ibatis.binding.MapperProxy$PlainMethodInvoker.invoke(MapperProxy.java:145)
	at org.apache.ibatis.binding.MapperProxy.invoke(MapperProxy.java:86)
	at com.sun.proxy.$Proxy15.getDeptAndEmpByStepOne(Unknown Source)
	at com.atguigu.mybatis.test.ResultMapTest.testGetDeptAndEmpByStep(ResultMapTest.java:82)
	at sun.reflect.NativeMethodAccessorImpl.invoke0(Native Method)
	at sun.reflect.NativeMethodAccessorImpl.invoke(NativeMethodAccessorImpl.java:62)
	at sun.reflect.DelegatingMethodAccessorImpl.invoke(DelegatingMethodAccessorImpl.java:43)
	at java.lang.reflect.Method.invoke(Method.java:498)
	at org.junit.runners.model.FrameworkMethod$1.runReflectiveCall(FrameworkMethod.java:50)
	at org.junit.internal.runners.model.ReflectiveCallable.run(ReflectiveCallable.java:12)
	at org.junit.runners.model.FrameworkMethod.invokeExplosively(FrameworkMethod.java:47)
	at org.junit.internal.runners.statements.InvokeMethod.evaluate(InvokeMethod.java:17)
	at org.junit.runners.ParentRunner.runLeaf(ParentRunner.java:325)
	at org.junit.runners.BlockJUnit4ClassRunner.runChild(BlockJUnit4ClassRunner.java:78)
	at org.junit.runners.BlockJUnit4ClassRunner.runChild(BlockJUnit4ClassRunner.java:57)
	at org.junit.runners.ParentRunner$3.run(ParentRunner.java:290)
	at org.junit.runners.ParentRunner$1.schedule(ParentRunner.java:71)
	at org.junit.runners.ParentRunner.runChildren(ParentRunner.java:288)
	at org.junit.runners.ParentRunner.access$000(ParentRunner.java:58)
	at org.junit.runners.ParentRunner$2.evaluate(ParentRunner.java:268)
	at org.junit.runners.ParentRunner.run(ParentRunner.java:363)
	at org.apache.maven.surefire.junit4.JUnit4Provider.execute(JUnit4Provider.java:252)
	at org.apache.maven.surefire.junit4.JUnit4Provider.executeTestSet(JUnit4Provider.java:141)
	at org.apache.maven.surefire.junit4.JUnit4Provider.invoke(JUnit4Provider.java:112)
	at sun.reflect.NativeMethodAccessorImpl.invoke0(Native Method)
	at sun.reflect.NativeMethodAccessorImpl.invoke(NativeMethodAccessorImpl.java:62)
	at sun.reflect.DelegatingMethodAccessorImpl.invoke(DelegatingMethodAccessorImpl.java:43)
	at java.lang.reflect.Method.invoke(Method.java:498)
	at org.apache.maven.surefire.util.ReflectionUtils.invokeMethodWithArray(ReflectionUtils.java:189)
	at org.apache.maven.surefire.booter.ProviderFactory$ProviderProxy.invoke(ProviderFactory.java:165)
	at org.apache.maven.surefire.booter.ProviderFactory.invokeProvider(ProviderFactory.java:85)
	at org.apache.maven.surefire.booter.ForkedBooter.runSuitesInProcess(ForkedBooter.java:115)
	at org.apache.maven.surefire.booter.ForkedBooter.main(ForkedBooter.java:75)
Caused by: java.sql.SQLException: Access denied for user &apos;root&apos;@&apos;localhost&apos; (using password: YES)
	at com.mysql.jdbc.SQLError.createSQLException(SQLError.java:1056)
	at com.mysql.jdbc.SQLError.createSQLException(SQLError.java:957)
	at com.mysql.jdbc.MysqlIO.checkErrorPacket(MysqlIO.java:3378)
	at com.mysql.jdbc.MysqlIO.checkErrorPacket(MysqlIO.java:3310)
	at com.mysql.jdbc.MysqlIO.checkErrorPacket(MysqlIO.java:910)
	at com.mysql.jdbc.MysqlIO.secureAuth411(MysqlIO.java:3810)
	at com.mysql.jdbc.MysqlIO.doHandshake(MysqlIO.java:1272)
	at com.mysql.jdbc.ConnectionImpl.createNewIO(ConnectionImpl.java:1992)
	at com.mysql.jdbc.ConnectionImpl.&lt;init&gt;(ConnectionImpl.java:720)
	at com.mysql.jdbc.JDBC4Connection.&lt;init&gt;(JDBC4Connection.java:46)
	at sun.reflect.GeneratedConstructorAccessor8.newInstance(Unknown Source)
	at sun.reflect.DelegatingConstructorAccessorImpl.newInstance(DelegatingConstructorAccessorImpl.java:45)
	at java.lang.reflect.Constructor.newInstance(Constructor.java:423)
	at com.mysql.jdbc.Util.handleNewInstance(Util.java:403)
	at com.mysql.jdbc.ConnectionImpl.getInstance(ConnectionImpl.java:293)
	at com.mysql.jdbc.NonRegisteringDriver.connect(NonRegisteringDriver.java:283)
	at java.sql.DriverManager.getConnection(DriverManager.java:664)
	at java.sql.DriverManager.getConnection(DriverManager.java:208)
	at org.apache.ibatis.datasource.unpooled.UnpooledDataSource.doGetConnection(UnpooledDataSource.java:224)
	at org.apache.ibatis.datasource.unpooled.UnpooledDataSource.doGetConnection(UnpooledDataSource.java:219)
	at org.apache.ibatis.datasource.unpooled.UnpooledDataSource.getConnection(UnpooledDataSource.java:95)
	at org.apache.ibatis.datasource.pooled.PooledDataSource.popConnection(PooledDataSource.java:432)
	at org.apache.ibatis.datasource.pooled.PooledDataSource.getConnection(PooledDataSource.java:89)
	at org.apache.ibatis.transaction.jdbc.JdbcTransaction.openConnection(JdbcTransaction.java:139)
	at org.apache.ibatis.transaction.jdbc.JdbcTransaction.getConnection(JdbcTransaction.java:61)
	at org.apache.ibatis.executor.BaseExecutor.getConnection(BaseExecutor.java:337)
	at org.apache.ibatis.executor.SimpleExecutor.prepareStatement(SimpleExecutor.java:86)
	at org.apache.ibatis.executor.SimpleExecutor.doQuery(SimpleExecutor.java:62)
	at org.apache.ibatis.executor.BaseExecutor.queryFromDatabase(BaseExecutor.java:325)
	at org.apache.ibatis.executor.BaseExecutor.query(BaseExecutor.java:156)
	at org.apache.ibatis.executor.CachingExecutor.query(CachingExecutor.java:109)
	at org.apache.ibatis.executor.CachingExecutor.query(CachingExecutor.java:89)
	at org.apache.ibatis.session.defaults.DefaultSqlSession.selectList(DefaultSqlSession.java:151)
	... 37 more
</error>
    <system-out>[00:46:04.536] [DEBUG] [main] [org.apache.ibatis.io.DefaultVFS] [Find JAR URL: file:/D:/IDEA%20Java%20Coding/MyBatis/MyBatis_demo3/target/classes/com/atguigu/mybatis/pojo]
[00:46:04.536] [DEBUG] [main] [org.apache.ibatis.io.DefaultVFS] [Not a JAR: file:/D:/IDEA%20Java%20Coding/MyBatis/MyBatis_demo3/target/classes/com/atguigu/mybatis/pojo]
[00:46:04.536] [DEBUG] [main] [org.apache.ibatis.io.DefaultVFS] [Reader entry: Dept.class]
[00:46:04.537] [DEBUG] [main] [org.apache.ibatis.io.DefaultVFS] [Reader entry: Emp.class]
[00:46:04.537] [DEBUG] [main] [org.apache.ibatis.io.DefaultVFS] [Listing file:/D:/IDEA%20Java%20Coding/MyBatis/MyBatis_demo3/target/classes/com/atguigu/mybatis/pojo]
[00:46:04.537] [DEBUG] [main] [org.apache.ibatis.io.DefaultVFS] [Find JAR URL: file:/D:/IDEA%20Java%20Coding/MyBatis/MyBatis_demo3/target/classes/com/atguigu/mybatis/pojo/Dept.class]
[00:46:04.537] [DEBUG] [main] [org.apache.ibatis.io.DefaultVFS] [Not a JAR: file:/D:/IDEA%20Java%20Coding/MyBatis/MyBatis_demo3/target/classes/com/atguigu/mybatis/pojo/Dept.class]
[00:46:04.537] [DEBUG] [main] [org.apache.ibatis.io.DefaultVFS] [Reader entry: ����&amp;#0;&amp;#0;&amp;#0;1&amp;#0;D&amp;#7;&amp;#0;2]
[00:46:04.537] [DEBUG] [main] [org.apache.ibatis.io.DefaultVFS] [Find JAR URL: file:/D:/IDEA%20Java%20Coding/MyBatis/MyBatis_demo3/target/classes/com/atguigu/mybatis/pojo/Emp.class]
[00:46:04.538] [DEBUG] [main] [org.apache.ibatis.io.DefaultVFS] [Not a JAR: file:/D:/IDEA%20Java%20Coding/MyBatis/MyBatis_demo3/target/classes/com/atguigu/mybatis/pojo/Emp.class]
[00:46:04.538] [DEBUG] [main] [org.apache.ibatis.io.DefaultVFS] [Reader entry: ����&amp;#0;&amp;#0;&amp;#0;1&amp;#0;T&amp;#7;&amp;#0;&lt;]
[00:46:04.538] [DEBUG] [main] [org.apache.ibatis.io.ResolverUtil] [Checking to see if class com.atguigu.mybatis.pojo.Dept matches criteria [is assignable to Object]]
[00:46:04.538] [DEBUG] [main] [org.apache.ibatis.io.ResolverUtil] [Checking to see if class com.atguigu.mybatis.pojo.Emp matches criteria [is assignable to Object]]
[00:46:04.540] [DEBUG] [main] [org.apache.ibatis.datasource.pooled.PooledDataSource] [PooledDataSource forcefully closed/removed all connections.]
[00:46:04.540] [DEBUG] [main] [org.apache.ibatis.datasource.pooled.PooledDataSource] [PooledDataSource forcefully closed/removed all connections.]
[00:46:04.540] [DEBUG] [main] [org.apache.ibatis.datasource.pooled.PooledDataSource] [PooledDataSource forcefully closed/removed all connections.]
[00:46:04.540] [DEBUG] [main] [org.apache.ibatis.datasource.pooled.PooledDataSource] [PooledDataSource forcefully closed/removed all connections.]
[00:46:04.541] [DEBUG] [main] [org.apache.ibatis.io.DefaultVFS] [Find JAR URL: file:/D:/IDEA%20Java%20Coding/MyBatis/MyBatis_demo3/target/classes/com/atguigu/mybatis/mapper]
[00:46:04.541] [DEBUG] [main] [org.apache.ibatis.io.DefaultVFS] [Not a JAR: file:/D:/IDEA%20Java%20Coding/MyBatis/MyBatis_demo3/target/classes/com/atguigu/mybatis/mapper]
[00:46:04.542] [DEBUG] [main] [org.apache.ibatis.io.DefaultVFS] [Reader entry: CacheMapper.class]
[00:46:04.542] [DEBUG] [main] [org.apache.ibatis.io.DefaultVFS] [Reader entry: CacheMapper.xml]
[00:46:04.542] [DEBUG] [main] [org.apache.ibatis.io.DefaultVFS] [Reader entry: DeptMapper.class]
[00:46:04.543] [DEBUG] [main] [org.apache.ibatis.io.DefaultVFS] [Reader entry: DeptMapper.xml]
[00:46:04.543] [DEBUG] [main] [org.apache.ibatis.io.DefaultVFS] [Reader entry: DynamicSQLMapper.class]
[00:46:04.543] [DEBUG] [main] [org.apache.ibatis.io.DefaultVFS] [Reader entry: DynamicSQLMapper.xml]
[00:46:04.543] [DEBUG] [main] [org.apache.ibatis.io.DefaultVFS] [Reader entry: EmpMapper.class]
[00:46:04.543] [DEBUG] [main] [org.apache.ibatis.io.DefaultVFS] [Reader entry: EmpMapper.xml]
[00:46:04.543] [DEBUG] [main] [org.apache.ibatis.io.DefaultVFS] [Listing file:/D:/IDEA%20Java%20Coding/MyBatis/MyBatis_demo3/target/classes/com/atguigu/mybatis/mapper]
[00:46:04.543] [DEBUG] [main] [org.apache.ibatis.io.DefaultVFS] [Find JAR URL: file:/D:/IDEA%20Java%20Coding/MyBatis/MyBatis_demo3/target/classes/com/atguigu/mybatis/mapper/CacheMapper.class]
[00:46:04.544] [DEBUG] [main] [org.apache.ibatis.io.DefaultVFS] [Not a JAR: file:/D:/IDEA%20Java%20Coding/MyBatis/MyBatis_demo3/target/classes/com/atguigu/mybatis/mapper/CacheMapper.class]
[00:46:04.544] [DEBUG] [main] [org.apache.ibatis.io.DefaultVFS] [Reader entry: ����&amp;#0;&amp;#0;&amp;#0;1&amp;#0;&amp;#15;&amp;#7;&amp;#0;]
[00:46:04.544] [DEBUG] [main] [org.apache.ibatis.io.DefaultVFS] [Find JAR URL: file:/D:/IDEA%20Java%20Coding/MyBatis/MyBatis_demo3/target/classes/com/atguigu/mybatis/mapper/CacheMapper.xml]
[00:46:04.544] [DEBUG] [main] [org.apache.ibatis.io.DefaultVFS] [Not a JAR: file:/D:/IDEA%20Java%20Coding/MyBatis/MyBatis_demo3/target/classes/com/atguigu/mybatis/mapper/CacheMapper.xml]
[00:46:04.545] [DEBUG] [main] [org.apache.ibatis.io.DefaultVFS] [Reader entry: &lt;?xml version=&quot;1.0&quot; encoding=&quot;UTF-8&quot; ?&gt;]
[00:46:04.545] [DEBUG] [main] [org.apache.ibatis.io.DefaultVFS] [Find JAR URL: file:/D:/IDEA%20Java%20Coding/MyBatis/MyBatis_demo3/target/classes/com/atguigu/mybatis/mapper/DeptMapper.class]
[00:46:04.545] [DEBUG] [main] [org.apache.ibatis.io.DefaultVFS] [Not a JAR: file:/D:/IDEA%20Java%20Coding/MyBatis/MyBatis_demo3/target/classes/com/atguigu/mybatis/mapper/DeptMapper.class]
[00:46:04.545] [DEBUG] [main] [org.apache.ibatis.io.DefaultVFS] [Reader entry: ����&amp;#0;&amp;#0;&amp;#0;1&amp;#0;&amp;#15;&amp;#7;&amp;#0;]
[00:46:04.545] [DEBUG] [main] [org.apache.ibatis.io.DefaultVFS] [Find JAR URL: file:/D:/IDEA%20Java%20Coding/MyBatis/MyBatis_demo3/target/classes/com/atguigu/mybatis/mapper/DeptMapper.xml]
[00:46:04.545] [DEBUG] [main] [org.apache.ibatis.io.DefaultVFS] [Not a JAR: file:/D:/IDEA%20Java%20Coding/MyBatis/MyBatis_demo3/target/classes/com/atguigu/mybatis/mapper/DeptMapper.xml]
[00:46:04.546] [DEBUG] [main] [org.apache.ibatis.io.DefaultVFS] [Reader entry: &lt;?xml version=&quot;1.0&quot; encoding=&quot;UTF-8&quot; ?&gt;]
[00:46:04.546] [DEBUG] [main] [org.apache.ibatis.io.DefaultVFS] [Find JAR URL: file:/D:/IDEA%20Java%20Coding/MyBatis/MyBatis_demo3/target/classes/com/atguigu/mybatis/mapper/DynamicSQLMapper.class]
[00:46:04.546] [DEBUG] [main] [org.apache.ibatis.io.DefaultVFS] [Not a JAR: file:/D:/IDEA%20Java%20Coding/MyBatis/MyBatis_demo3/target/classes/com/atguigu/mybatis/mapper/DynamicSQLMapper.class]
[00:46:04.547] [DEBUG] [main] [org.apache.ibatis.io.DefaultVFS] [Reader entry: ����&amp;#0;&amp;#0;&amp;#0;1&amp;#0;&amp;#22;&amp;#7;&amp;#0;&amp;#20;&amp;#7;&amp;#0;&amp;#21;&amp;#1;&amp;#0;&amp;#17;getEmpByCondition&amp;#1;&amp;#0;0(Lcom/atguigu/mybatis/pojo/Emp;)Ljava/util/List;&amp;#1;&amp;#0;	Signature&amp;#1;&amp;#0;P(Lcom/atguigu/mybatis/pojo/Emp;)Ljava/util/List&lt;Lcom/atguigu/mybatis/pojo/Emp;&gt;;&amp;#1;&amp;#0;&amp;#14;getEmpByChoose&amp;#1;&amp;#0;&amp;#17;deleteMoreByArray&amp;#1;&amp;#0;&amp;#23;([Ljava/lang/Integer;)I&amp;#1;&amp;#0;&quot;RuntimeVisibleParameterAnnotations&amp;#1;&amp;#0;%Lorg/apache/ibatis/annotations/Param;&amp;#1;&amp;#0;&amp;#5;value&amp;#1;&amp;#0;&amp;#4;eids&amp;#1;&amp;#0;&amp;#16;insertMoreByList&amp;#1;&amp;#0;&amp;#19;(Ljava/util/List;)I&amp;#1;&amp;#0;3(Ljava/util/List&lt;Lcom/atguigu/mybatis/pojo/Emp;&gt;;)I&amp;#1;&amp;#0;&amp;#4;emps&amp;#1;&amp;#0;]
[00:46:04.547] [DEBUG] [main] [org.apache.ibatis.io.DefaultVFS] [Find JAR URL: file:/D:/IDEA%20Java%20Coding/MyBatis/MyBatis_demo3/target/classes/com/atguigu/mybatis/mapper/DynamicSQLMapper.xml]
[00:46:04.547] [DEBUG] [main] [org.apache.ibatis.io.DefaultVFS] [Not a JAR: file:/D:/IDEA%20Java%20Coding/MyBatis/MyBatis_demo3/target/classes/com/atguigu/mybatis/mapper/DynamicSQLMapper.xml]
[00:46:04.548] [DEBUG] [main] [org.apache.ibatis.io.DefaultVFS] [Reader entry: &lt;?xml version=&quot;1.0&quot; encoding=&quot;UTF-8&quot; ?&gt;]
[00:46:04.548] [DEBUG] [main] [org.apache.ibatis.io.DefaultVFS] [Find JAR URL: file:/D:/IDEA%20Java%20Coding/MyBatis/MyBatis_demo3/target/classes/com/atguigu/mybatis/mapper/EmpMapper.class]
[00:46:04.548] [DEBUG] [main] [org.apache.ibatis.io.DefaultVFS] [Not a JAR: file:/D:/IDEA%20Java%20Coding/MyBatis/MyBatis_demo3/target/classes/com/atguigu/mybatis/mapper/EmpMapper.class]
[00:46:04.548] [DEBUG] [main] [org.apache.ibatis.io.DefaultVFS] [Reader entry: ����&amp;#0;&amp;#0;&amp;#0;1&amp;#0;&amp;#22;&amp;#7;&amp;#0;&amp;#20;&amp;#7;&amp;#0;&amp;#21;&amp;#1;&amp;#0;	getAllEmp&amp;#1;&amp;#0;&amp;#18;()Ljava/util/List;&amp;#1;&amp;#0;	Signature&amp;#1;&amp;#0;2()Ljava/util/List&lt;Lcom/atguigu/mybatis/pojo/Emp;&gt;;&amp;#1;&amp;#0;]
[00:46:04.549] [DEBUG] [main] [org.apache.ibatis.io.DefaultVFS] [Find JAR URL: file:/D:/IDEA%20Java%20Coding/MyBatis/MyBatis_demo3/target/classes/com/atguigu/mybatis/mapper/EmpMapper.xml]
[00:46:04.549] [DEBUG] [main] [org.apache.ibatis.io.DefaultVFS] [Not a JAR: file:/D:/IDEA%20Java%20Coding/MyBatis/MyBatis_demo3/target/classes/com/atguigu/mybatis/mapper/EmpMapper.xml]
[00:46:04.549] [DEBUG] [main] [org.apache.ibatis.io.DefaultVFS] [Reader entry: &lt;?xml version=&quot;1.0&quot; encoding=&quot;UTF-8&quot; ?&gt;]
[00:46:04.549] [DEBUG] [main] [org.apache.ibatis.io.ResolverUtil] [Checking to see if class com.atguigu.mybatis.mapper.CacheMapper matches criteria [is assignable to Object]]
[00:46:04.549] [DEBUG] [main] [org.apache.ibatis.io.ResolverUtil] [Checking to see if class com.atguigu.mybatis.mapper.DeptMapper matches criteria [is assignable to Object]]
[00:46:04.549] [DEBUG] [main] [org.apache.ibatis.io.ResolverUtil] [Checking to see if class com.atguigu.mybatis.mapper.DynamicSQLMapper matches criteria [is assignable to Object]]
[00:46:04.550] [DEBUG] [main] [org.apache.ibatis.io.ResolverUtil] [Checking to see if class com.atguigu.mybatis.mapper.EmpMapper matches criteria [is assignable to Object]]
[00:46:04.572] [DEBUG] [main] [org.apache.ibatis.transaction.jdbc.JdbcTransaction] [Opening JDBC Connection]
</system-out>
  </testcase>
  <testcase classname="com.atguigu.mybatis.test.ResultMapTest" name="testGetDeptAndEmp" time="0.035">
    <error message="
### Error querying database.  Cause: java.sql.SQLException: Access denied for user &apos;root&apos;@&apos;localhost&apos; (using password: YES)
### The error may exist in com/atguigu/mybatis/mapper/DeptMapper.xml
### The error may involve com.atguigu.mybatis.mapper.DeptMapper.getDeptAndEmp
### The error occurred while executing a query
### Cause: java.sql.SQLException: Access denied for user &apos;root&apos;@&apos;localhost&apos; (using password: YES)" type="org.apache.ibatis.exceptions.PersistenceException">org.apache.ibatis.exceptions.PersistenceException: 
### Error querying database.  Cause: java.sql.SQLException: Access denied for user &apos;root&apos;@&apos;localhost&apos; (using password: YES)
### The error may exist in com/atguigu/mybatis/mapper/DeptMapper.xml
### The error may involve com.atguigu.mybatis.mapper.DeptMapper.getDeptAndEmp
### The error occurred while executing a query
### Cause: java.sql.SQLException: Access denied for user &apos;root&apos;@&apos;localhost&apos; (using password: YES)
	at org.apache.ibatis.exceptions.ExceptionFactory.wrapException(ExceptionFactory.java:30)
	at org.apache.ibatis.session.defaults.DefaultSqlSession.selectList(DefaultSqlSession.java:153)
	at org.apache.ibatis.session.defaults.DefaultSqlSession.selectList(DefaultSqlSession.java:145)
	at org.apache.ibatis.session.defaults.DefaultSqlSession.selectList(DefaultSqlSession.java:140)
	at org.apache.ibatis.session.defaults.DefaultSqlSession.selectOne(DefaultSqlSession.java:76)
	at org.apache.ibatis.binding.MapperMethod.execute(MapperMethod.java:87)
	at org.apache.ibatis.binding.MapperProxy$PlainMethodInvoker.invoke(MapperProxy.java:145)
	at org.apache.ibatis.binding.MapperProxy.invoke(MapperProxy.java:86)
	at com.sun.proxy.$Proxy15.getDeptAndEmp(Unknown Source)
	at com.atguigu.mybatis.test.ResultMapTest.testGetDeptAndEmp(ResultMapTest.java:74)
	at sun.reflect.NativeMethodAccessorImpl.invoke0(Native Method)
	at sun.reflect.NativeMethodAccessorImpl.invoke(NativeMethodAccessorImpl.java:62)
	at sun.reflect.DelegatingMethodAccessorImpl.invoke(DelegatingMethodAccessorImpl.java:43)
	at java.lang.reflect.Method.invoke(Method.java:498)
	at org.junit.runners.model.FrameworkMethod$1.runReflectiveCall(FrameworkMethod.java:50)
	at org.junit.internal.runners.model.ReflectiveCallable.run(ReflectiveCallable.java:12)
	at org.junit.runners.model.FrameworkMethod.invokeExplosively(FrameworkMethod.java:47)
	at org.junit.internal.runners.statements.InvokeMethod.evaluate(InvokeMethod.java:17)
	at org.junit.runners.ParentRunner.runLeaf(ParentRunner.java:325)
	at org.junit.runners.BlockJUnit4ClassRunner.runChild(BlockJUnit4ClassRunner.java:78)
	at org.junit.runners.BlockJUnit4ClassRunner.runChild(BlockJUnit4ClassRunner.java:57)
	at org.junit.runners.ParentRunner$3.run(ParentRunner.java:290)
	at org.junit.runners.ParentRunner$1.schedule(ParentRunner.java:71)
	at org.junit.runners.ParentRunner.runChildren(ParentRunner.java:288)
	at org.junit.runners.ParentRunner.access$000(ParentRunner.java:58)
	at org.junit.runners.ParentRunner$2.evaluate(ParentRunner.java:268)
	at org.junit.runners.ParentRunner.run(ParentRunner.java:363)
	at org.apache.maven.surefire.junit4.JUnit4Provider.execute(JUnit4Provider.java:252)
	at org.apache.maven.surefire.junit4.JUnit4Provider.executeTestSet(JUnit4Provider.java:141)
	at org.apache.maven.surefire.junit4.JUnit4Provider.invoke(JUnit4Provider.java:112)
	at sun.reflect.NativeMethodAccessorImpl.invoke0(Native Method)
	at sun.reflect.NativeMethodAccessorImpl.invoke(NativeMethodAccessorImpl.java:62)
	at sun.reflect.DelegatingMethodAccessorImpl.invoke(DelegatingMethodAccessorImpl.java:43)
	at java.lang.reflect.Method.invoke(Method.java:498)
	at org.apache.maven.surefire.util.ReflectionUtils.invokeMethodWithArray(ReflectionUtils.java:189)
	at org.apache.maven.surefire.booter.ProviderFactory$ProviderProxy.invoke(ProviderFactory.java:165)
	at org.apache.maven.surefire.booter.ProviderFactory.invokeProvider(ProviderFactory.java:85)
	at org.apache.maven.surefire.booter.ForkedBooter.runSuitesInProcess(ForkedBooter.java:115)
	at org.apache.maven.surefire.booter.ForkedBooter.main(ForkedBooter.java:75)
Caused by: java.sql.SQLException: Access denied for user &apos;root&apos;@&apos;localhost&apos; (using password: YES)
	at com.mysql.jdbc.SQLError.createSQLException(SQLError.java:1056)
	at com.mysql.jdbc.SQLError.createSQLException(SQLError.java:957)
	at com.mysql.jdbc.MysqlIO.checkErrorPacket(MysqlIO.java:3378)
	at com.mysql.jdbc.MysqlIO.checkErrorPacket(MysqlIO.java:3310)
	at com.mysql.jdbc.MysqlIO.checkErrorPacket(MysqlIO.java:910)
	at com.mysql.jdbc.MysqlIO.secureAuth411(MysqlIO.java:3810)
	at com.mysql.jdbc.MysqlIO.doHandshake(MysqlIO.java:1272)
	at com.mysql.jdbc.ConnectionImpl.createNewIO(ConnectionImpl.java:1992)
	at com.mysql.jdbc.ConnectionImpl.&lt;init&gt;(ConnectionImpl.java:720)
	at com.mysql.jdbc.JDBC4Connection.&lt;init&gt;(JDBC4Connection.java:46)
	at sun.reflect.GeneratedConstructorAccessor8.newInstance(Unknown Source)
	at sun.reflect.DelegatingConstructorAccessorImpl.newInstance(DelegatingConstructorAccessorImpl.java:45)
	at java.lang.reflect.Constructor.newInstance(Constructor.java:423)
	at com.mysql.jdbc.Util.handleNewInstance(Util.java:403)
	at com.mysql.jdbc.ConnectionImpl.getInstance(ConnectionImpl.java:293)
	at com.mysql.jdbc.NonRegisteringDriver.connect(NonRegisteringDriver.java:283)
	at java.sql.DriverManager.getConnection(DriverManager.java:664)
	at java.sql.DriverManager.getConnection(DriverManager.java:208)
	at org.apache.ibatis.datasource.unpooled.UnpooledDataSource.doGetConnection(UnpooledDataSource.java:224)
	at org.apache.ibatis.datasource.unpooled.UnpooledDataSource.doGetConnection(UnpooledDataSource.java:219)
	at org.apache.ibatis.datasource.unpooled.UnpooledDataSource.getConnection(UnpooledDataSource.java:95)
	at org.apache.ibatis.datasource.pooled.PooledDataSource.popConnection(PooledDataSource.java:432)
	at org.apache.ibatis.datasource.pooled.PooledDataSource.getConnection(PooledDataSource.java:89)
	at org.apache.ibatis.transaction.jdbc.JdbcTransaction.openConnection(JdbcTransaction.java:139)
	at org.apache.ibatis.transaction.jdbc.JdbcTransaction.getConnection(JdbcTransaction.java:61)
	at org.apache.ibatis.executor.BaseExecutor.getConnection(BaseExecutor.java:337)
	at org.apache.ibatis.executor.SimpleExecutor.prepareStatement(SimpleExecutor.java:86)
	at org.apache.ibatis.executor.SimpleExecutor.doQuery(SimpleExecutor.java:62)
	at org.apache.ibatis.executor.BaseExecutor.queryFromDatabase(BaseExecutor.java:325)
	at org.apache.ibatis.executor.BaseExecutor.query(BaseExecutor.java:156)
	at org.apache.ibatis.executor.CachingExecutor.query(CachingExecutor.java:109)
	at org.apache.ibatis.executor.CachingExecutor.query(CachingExecutor.java:89)
	at org.apache.ibatis.session.defaults.DefaultSqlSession.selectList(DefaultSqlSession.java:151)
	... 37 more
</error>
    <system-out>[00:46:04.582] [DEBUG] [main] [org.apache.ibatis.io.DefaultVFS] [Find JAR URL: file:/D:/IDEA%20Java%20Coding/MyBatis/MyBatis_demo3/target/classes/com/atguigu/mybatis/pojo]
[00:46:04.582] [DEBUG] [main] [org.apache.ibatis.io.DefaultVFS] [Not a JAR: file:/D:/IDEA%20Java%20Coding/MyBatis/MyBatis_demo3/target/classes/com/atguigu/mybatis/pojo]
[00:46:04.583] [DEBUG] [main] [org.apache.ibatis.io.DefaultVFS] [Reader entry: Dept.class]
[00:46:04.583] [DEBUG] [main] [org.apache.ibatis.io.DefaultVFS] [Reader entry: Emp.class]
[00:46:04.583] [DEBUG] [main] [org.apache.ibatis.io.DefaultVFS] [Listing file:/D:/IDEA%20Java%20Coding/MyBatis/MyBatis_demo3/target/classes/com/atguigu/mybatis/pojo]
[00:46:04.583] [DEBUG] [main] [org.apache.ibatis.io.DefaultVFS] [Find JAR URL: file:/D:/IDEA%20Java%20Coding/MyBatis/MyBatis_demo3/target/classes/com/atguigu/mybatis/pojo/Dept.class]
[00:46:04.583] [DEBUG] [main] [org.apache.ibatis.io.DefaultVFS] [Not a JAR: file:/D:/IDEA%20Java%20Coding/MyBatis/MyBatis_demo3/target/classes/com/atguigu/mybatis/pojo/Dept.class]
[00:46:04.584] [DEBUG] [main] [org.apache.ibatis.io.DefaultVFS] [Reader entry: ����&amp;#0;&amp;#0;&amp;#0;1&amp;#0;D&amp;#7;&amp;#0;2]
[00:46:04.584] [DEBUG] [main] [org.apache.ibatis.io.DefaultVFS] [Find JAR URL: file:/D:/IDEA%20Java%20Coding/MyBatis/MyBatis_demo3/target/classes/com/atguigu/mybatis/pojo/Emp.class]
[00:46:04.584] [DEBUG] [main] [org.apache.ibatis.io.DefaultVFS] [Not a JAR: file:/D:/IDEA%20Java%20Coding/MyBatis/MyBatis_demo3/target/classes/com/atguigu/mybatis/pojo/Emp.class]
[00:46:04.584] [DEBUG] [main] [org.apache.ibatis.io.DefaultVFS] [Reader entry: ����&amp;#0;&amp;#0;&amp;#0;1&amp;#0;T&amp;#7;&amp;#0;&lt;]
[00:46:04.584] [DEBUG] [main] [org.apache.ibatis.io.ResolverUtil] [Checking to see if class com.atguigu.mybatis.pojo.Dept matches criteria [is assignable to Object]]
[00:46:04.584] [DEBUG] [main] [org.apache.ibatis.io.ResolverUtil] [Checking to see if class com.atguigu.mybatis.pojo.Emp matches criteria [is assignable to Object]]
[00:46:04.586] [DEBUG] [main] [org.apache.ibatis.datasource.pooled.PooledDataSource] [PooledDataSource forcefully closed/removed all connections.]
[00:46:04.586] [DEBUG] [main] [org.apache.ibatis.datasource.pooled.PooledDataSource] [PooledDataSource forcefully closed/removed all connections.]
[00:46:04.586] [DEBUG] [main] [org.apache.ibatis.datasource.pooled.PooledDataSource] [PooledDataSource forcefully closed/removed all connections.]
[00:46:04.586] [DEBUG] [main] [org.apache.ibatis.datasource.pooled.PooledDataSource] [PooledDataSource forcefully closed/removed all connections.]
[00:46:04.586] [DEBUG] [main] [org.apache.ibatis.io.DefaultVFS] [Find JAR URL: file:/D:/IDEA%20Java%20Coding/MyBatis/MyBatis_demo3/target/classes/com/atguigu/mybatis/mapper]
[00:46:04.586] [DEBUG] [main] [org.apache.ibatis.io.DefaultVFS] [Not a JAR: file:/D:/IDEA%20Java%20Coding/MyBatis/MyBatis_demo3/target/classes/com/atguigu/mybatis/mapper]
[00:46:04.587] [DEBUG] [main] [org.apache.ibatis.io.DefaultVFS] [Reader entry: CacheMapper.class]
[00:46:04.587] [DEBUG] [main] [org.apache.ibatis.io.DefaultVFS] [Reader entry: CacheMapper.xml]
[00:46:04.587] [DEBUG] [main] [org.apache.ibatis.io.DefaultVFS] [Reader entry: DeptMapper.class]
[00:46:04.587] [DEBUG] [main] [org.apache.ibatis.io.DefaultVFS] [Reader entry: DeptMapper.xml]
[00:46:04.587] [DEBUG] [main] [org.apache.ibatis.io.DefaultVFS] [Reader entry: DynamicSQLMapper.class]
[00:46:04.587] [DEBUG] [main] [org.apache.ibatis.io.DefaultVFS] [Reader entry: DynamicSQLMapper.xml]
[00:46:04.587] [DEBUG] [main] [org.apache.ibatis.io.DefaultVFS] [Reader entry: EmpMapper.class]
[00:46:04.588] [DEBUG] [main] [org.apache.ibatis.io.DefaultVFS] [Reader entry: EmpMapper.xml]
[00:46:04.588] [DEBUG] [main] [org.apache.ibatis.io.DefaultVFS] [Listing file:/D:/IDEA%20Java%20Coding/MyBatis/MyBatis_demo3/target/classes/com/atguigu/mybatis/mapper]
[00:46:04.588] [DEBUG] [main] [org.apache.ibatis.io.DefaultVFS] [Find JAR URL: file:/D:/IDEA%20Java%20Coding/MyBatis/MyBatis_demo3/target/classes/com/atguigu/mybatis/mapper/CacheMapper.class]
[00:46:04.588] [DEBUG] [main] [org.apache.ibatis.io.DefaultVFS] [Not a JAR: file:/D:/IDEA%20Java%20Coding/MyBatis/MyBatis_demo3/target/classes/com/atguigu/mybatis/mapper/CacheMapper.class]
[00:46:04.588] [DEBUG] [main] [org.apache.ibatis.io.DefaultVFS] [Reader entry: ����&amp;#0;&amp;#0;&amp;#0;1&amp;#0;&amp;#15;&amp;#7;&amp;#0;]
[00:46:04.588] [DEBUG] [main] [org.apache.ibatis.io.DefaultVFS] [Find JAR URL: file:/D:/IDEA%20Java%20Coding/MyBatis/MyBatis_demo3/target/classes/com/atguigu/mybatis/mapper/CacheMapper.xml]
[00:46:04.588] [DEBUG] [main] [org.apache.ibatis.io.DefaultVFS] [Not a JAR: file:/D:/IDEA%20Java%20Coding/MyBatis/MyBatis_demo3/target/classes/com/atguigu/mybatis/mapper/CacheMapper.xml]
[00:46:04.589] [DEBUG] [main] [org.apache.ibatis.io.DefaultVFS] [Reader entry: &lt;?xml version=&quot;1.0&quot; encoding=&quot;UTF-8&quot; ?&gt;]
[00:46:04.589] [DEBUG] [main] [org.apache.ibatis.io.DefaultVFS] [Find JAR URL: file:/D:/IDEA%20Java%20Coding/MyBatis/MyBatis_demo3/target/classes/com/atguigu/mybatis/mapper/DeptMapper.class]
[00:46:04.589] [DEBUG] [main] [org.apache.ibatis.io.DefaultVFS] [Not a JAR: file:/D:/IDEA%20Java%20Coding/MyBatis/MyBatis_demo3/target/classes/com/atguigu/mybatis/mapper/DeptMapper.class]
[00:46:04.590] [DEBUG] [main] [org.apache.ibatis.io.DefaultVFS] [Reader entry: ����&amp;#0;&amp;#0;&amp;#0;1&amp;#0;&amp;#15;&amp;#7;&amp;#0;]
[00:46:04.590] [DEBUG] [main] [org.apache.ibatis.io.DefaultVFS] [Find JAR URL: file:/D:/IDEA%20Java%20Coding/MyBatis/MyBatis_demo3/target/classes/com/atguigu/mybatis/mapper/DeptMapper.xml]
[00:46:04.590] [DEBUG] [main] [org.apache.ibatis.io.DefaultVFS] [Not a JAR: file:/D:/IDEA%20Java%20Coding/MyBatis/MyBatis_demo3/target/classes/com/atguigu/mybatis/mapper/DeptMapper.xml]
[00:46:04.590] [DEBUG] [main] [org.apache.ibatis.io.DefaultVFS] [Reader entry: &lt;?xml version=&quot;1.0&quot; encoding=&quot;UTF-8&quot; ?&gt;]
[00:46:04.590] [DEBUG] [main] [org.apache.ibatis.io.DefaultVFS] [Find JAR URL: file:/D:/IDEA%20Java%20Coding/MyBatis/MyBatis_demo3/target/classes/com/atguigu/mybatis/mapper/DynamicSQLMapper.class]
[00:46:04.590] [DEBUG] [main] [org.apache.ibatis.io.DefaultVFS] [Not a JAR: file:/D:/IDEA%20Java%20Coding/MyBatis/MyBatis_demo3/target/classes/com/atguigu/mybatis/mapper/DynamicSQLMapper.class]
[00:46:04.591] [DEBUG] [main] [org.apache.ibatis.io.DefaultVFS] [Reader entry: ����&amp;#0;&amp;#0;&amp;#0;1&amp;#0;&amp;#22;&amp;#7;&amp;#0;&amp;#20;&amp;#7;&amp;#0;&amp;#21;&amp;#1;&amp;#0;&amp;#17;getEmpByCondition&amp;#1;&amp;#0;0(Lcom/atguigu/mybatis/pojo/Emp;)Ljava/util/List;&amp;#1;&amp;#0;	Signature&amp;#1;&amp;#0;P(Lcom/atguigu/mybatis/pojo/Emp;)Ljava/util/List&lt;Lcom/atguigu/mybatis/pojo/Emp;&gt;;&amp;#1;&amp;#0;&amp;#14;getEmpByChoose&amp;#1;&amp;#0;&amp;#17;deleteMoreByArray&amp;#1;&amp;#0;&amp;#23;([Ljava/lang/Integer;)I&amp;#1;&amp;#0;&quot;RuntimeVisibleParameterAnnotations&amp;#1;&amp;#0;%Lorg/apache/ibatis/annotations/Param;&amp;#1;&amp;#0;&amp;#5;value&amp;#1;&amp;#0;&amp;#4;eids&amp;#1;&amp;#0;&amp;#16;insertMoreByList&amp;#1;&amp;#0;&amp;#19;(Ljava/util/List;)I&amp;#1;&amp;#0;3(Ljava/util/List&lt;Lcom/atguigu/mybatis/pojo/Emp;&gt;;)I&amp;#1;&amp;#0;&amp;#4;emps&amp;#1;&amp;#0;]
[00:46:04.591] [DEBUG] [main] [org.apache.ibatis.io.DefaultVFS] [Find JAR URL: file:/D:/IDEA%20Java%20Coding/MyBatis/MyBatis_demo3/target/classes/com/atguigu/mybatis/mapper/DynamicSQLMapper.xml]
[00:46:04.591] [DEBUG] [main] [org.apache.ibatis.io.DefaultVFS] [Not a JAR: file:/D:/IDEA%20Java%20Coding/MyBatis/MyBatis_demo3/target/classes/com/atguigu/mybatis/mapper/DynamicSQLMapper.xml]
[00:46:04.591] [DEBUG] [main] [org.apache.ibatis.io.DefaultVFS] [Reader entry: &lt;?xml version=&quot;1.0&quot; encoding=&quot;UTF-8&quot; ?&gt;]
[00:46:04.592] [DEBUG] [main] [org.apache.ibatis.io.DefaultVFS] [Find JAR URL: file:/D:/IDEA%20Java%20Coding/MyBatis/MyBatis_demo3/target/classes/com/atguigu/mybatis/mapper/EmpMapper.class]
[00:46:04.592] [DEBUG] [main] [org.apache.ibatis.io.DefaultVFS] [Not a JAR: file:/D:/IDEA%20Java%20Coding/MyBatis/MyBatis_demo3/target/classes/com/atguigu/mybatis/mapper/EmpMapper.class]
[00:46:04.592] [DEBUG] [main] [org.apache.ibatis.io.DefaultVFS] [Reader entry: ����&amp;#0;&amp;#0;&amp;#0;1&amp;#0;&amp;#22;&amp;#7;&amp;#0;&amp;#20;&amp;#7;&amp;#0;&amp;#21;&amp;#1;&amp;#0;	getAllEmp&amp;#1;&amp;#0;&amp;#18;()Ljava/util/List;&amp;#1;&amp;#0;	Signature&amp;#1;&amp;#0;2()Ljava/util/List&lt;Lcom/atguigu/mybatis/pojo/Emp;&gt;;&amp;#1;&amp;#0;]
[00:46:04.592] [DEBUG] [main] [org.apache.ibatis.io.DefaultVFS] [Find JAR URL: file:/D:/IDEA%20Java%20Coding/MyBatis/MyBatis_demo3/target/classes/com/atguigu/mybatis/mapper/EmpMapper.xml]
[00:46:04.592] [DEBUG] [main] [org.apache.ibatis.io.DefaultVFS] [Not a JAR: file:/D:/IDEA%20Java%20Coding/MyBatis/MyBatis_demo3/target/classes/com/atguigu/mybatis/mapper/EmpMapper.xml]
[00:46:04.592] [DEBUG] [main] [org.apache.ibatis.io.DefaultVFS] [Reader entry: &lt;?xml version=&quot;1.0&quot; encoding=&quot;UTF-8&quot; ?&gt;]
[00:46:04.593] [DEBUG] [main] [org.apache.ibatis.io.ResolverUtil] [Checking to see if class com.atguigu.mybatis.mapper.CacheMapper matches criteria [is assignable to Object]]
[00:46:04.593] [DEBUG] [main] [org.apache.ibatis.io.ResolverUtil] [Checking to see if class com.atguigu.mybatis.mapper.DeptMapper matches criteria [is assignable to Object]]
[00:46:04.593] [DEBUG] [main] [org.apache.ibatis.io.ResolverUtil] [Checking to see if class com.atguigu.mybatis.mapper.DynamicSQLMapper matches criteria [is assignable to Object]]
[00:46:04.593] [DEBUG] [main] [org.apache.ibatis.io.ResolverUtil] [Checking to see if class com.atguigu.mybatis.mapper.EmpMapper matches criteria [is assignable to Object]]
[00:46:04.608] [DEBUG] [main] [org.apache.ibatis.transaction.jdbc.JdbcTransaction] [Opening JDBC Connection]
</system-out>
  </testcase>
  <testcase classname="com.atguigu.mybatis.test.ResultMapTest" name="testGetAllEmp" time="0.044">
    <error message="
### Error querying database.  Cause: java.sql.SQLException: Access denied for user &apos;root&apos;@&apos;localhost&apos; (using password: YES)
### The error may exist in com/atguigu/mybatis/mapper/EmpMapper.xml
### The error may involve com.atguigu.mybatis.mapper.EmpMapper.getAllEmp
### The error occurred while executing a query
### Cause: java.sql.SQLException: Access denied for user &apos;root&apos;@&apos;localhost&apos; (using password: YES)" type="org.apache.ibatis.exceptions.PersistenceException">org.apache.ibatis.exceptions.PersistenceException: 
### Error querying database.  Cause: java.sql.SQLException: Access denied for user &apos;root&apos;@&apos;localhost&apos; (using password: YES)
### The error may exist in com/atguigu/mybatis/mapper/EmpMapper.xml
### The error may involve com.atguigu.mybatis.mapper.EmpMapper.getAllEmp
### The error occurred while executing a query
### Cause: java.sql.SQLException: Access denied for user &apos;root&apos;@&apos;localhost&apos; (using password: YES)
	at org.apache.ibatis.exceptions.ExceptionFactory.wrapException(ExceptionFactory.java:30)
	at org.apache.ibatis.session.defaults.DefaultSqlSession.selectList(DefaultSqlSession.java:153)
	at org.apache.ibatis.session.defaults.DefaultSqlSession.selectList(DefaultSqlSession.java:145)
	at org.apache.ibatis.session.defaults.DefaultSqlSession.selectList(DefaultSqlSession.java:140)
	at org.apache.ibatis.binding.MapperMethod.executeForMany(MapperMethod.java:147)
	at org.apache.ibatis.binding.MapperMethod.execute(MapperMethod.java:80)
	at org.apache.ibatis.binding.MapperProxy$PlainMethodInvoker.invoke(MapperProxy.java:145)
	at org.apache.ibatis.binding.MapperProxy.invoke(MapperProxy.java:86)
	at com.sun.proxy.$Proxy14.getAllEmp(Unknown Source)
	at com.atguigu.mybatis.test.ResultMapTest.testGetAllEmp(ResultMapTest.java:66)
	at sun.reflect.NativeMethodAccessorImpl.invoke0(Native Method)
	at sun.reflect.NativeMethodAccessorImpl.invoke(NativeMethodAccessorImpl.java:62)
	at sun.reflect.DelegatingMethodAccessorImpl.invoke(DelegatingMethodAccessorImpl.java:43)
	at java.lang.reflect.Method.invoke(Method.java:498)
	at org.junit.runners.model.FrameworkMethod$1.runReflectiveCall(FrameworkMethod.java:50)
	at org.junit.internal.runners.model.ReflectiveCallable.run(ReflectiveCallable.java:12)
	at org.junit.runners.model.FrameworkMethod.invokeExplosively(FrameworkMethod.java:47)
	at org.junit.internal.runners.statements.InvokeMethod.evaluate(InvokeMethod.java:17)
	at org.junit.runners.ParentRunner.runLeaf(ParentRunner.java:325)
	at org.junit.runners.BlockJUnit4ClassRunner.runChild(BlockJUnit4ClassRunner.java:78)
	at org.junit.runners.BlockJUnit4ClassRunner.runChild(BlockJUnit4ClassRunner.java:57)
	at org.junit.runners.ParentRunner$3.run(ParentRunner.java:290)
	at org.junit.runners.ParentRunner$1.schedule(ParentRunner.java:71)
	at org.junit.runners.ParentRunner.runChildren(ParentRunner.java:288)
	at org.junit.runners.ParentRunner.access$000(ParentRunner.java:58)
	at org.junit.runners.ParentRunner$2.evaluate(ParentRunner.java:268)
	at org.junit.runners.ParentRunner.run(ParentRunner.java:363)
	at org.apache.maven.surefire.junit4.JUnit4Provider.execute(JUnit4Provider.java:252)
	at org.apache.maven.surefire.junit4.JUnit4Provider.executeTestSet(JUnit4Provider.java:141)
	at org.apache.maven.surefire.junit4.JUnit4Provider.invoke(JUnit4Provider.java:112)
	at sun.reflect.NativeMethodAccessorImpl.invoke0(Native Method)
	at sun.reflect.NativeMethodAccessorImpl.invoke(NativeMethodAccessorImpl.java:62)
	at sun.reflect.DelegatingMethodAccessorImpl.invoke(DelegatingMethodAccessorImpl.java:43)
	at java.lang.reflect.Method.invoke(Method.java:498)
	at org.apache.maven.surefire.util.ReflectionUtils.invokeMethodWithArray(ReflectionUtils.java:189)
	at org.apache.maven.surefire.booter.ProviderFactory$ProviderProxy.invoke(ProviderFactory.java:165)
	at org.apache.maven.surefire.booter.ProviderFactory.invokeProvider(ProviderFactory.java:85)
	at org.apache.maven.surefire.booter.ForkedBooter.runSuitesInProcess(ForkedBooter.java:115)
	at org.apache.maven.surefire.booter.ForkedBooter.main(ForkedBooter.java:75)
Caused by: java.sql.SQLException: Access denied for user &apos;root&apos;@&apos;localhost&apos; (using password: YES)
	at com.mysql.jdbc.SQLError.createSQLException(SQLError.java:1056)
	at com.mysql.jdbc.SQLError.createSQLException(SQLError.java:957)
	at com.mysql.jdbc.MysqlIO.checkErrorPacket(MysqlIO.java:3378)
	at com.mysql.jdbc.MysqlIO.checkErrorPacket(MysqlIO.java:3310)
	at com.mysql.jdbc.MysqlIO.checkErrorPacket(MysqlIO.java:910)
	at com.mysql.jdbc.MysqlIO.secureAuth411(MysqlIO.java:3810)
	at com.mysql.jdbc.MysqlIO.doHandshake(MysqlIO.java:1272)
	at com.mysql.jdbc.ConnectionImpl.createNewIO(ConnectionImpl.java:1992)
	at com.mysql.jdbc.ConnectionImpl.&lt;init&gt;(ConnectionImpl.java:720)
	at com.mysql.jdbc.JDBC4Connection.&lt;init&gt;(JDBC4Connection.java:46)
	at sun.reflect.GeneratedConstructorAccessor8.newInstance(Unknown Source)
	at sun.reflect.DelegatingConstructorAccessorImpl.newInstance(DelegatingConstructorAccessorImpl.java:45)
	at java.lang.reflect.Constructor.newInstance(Constructor.java:423)
	at com.mysql.jdbc.Util.handleNewInstance(Util.java:403)
	at com.mysql.jdbc.ConnectionImpl.getInstance(ConnectionImpl.java:293)
	at com.mysql.jdbc.NonRegisteringDriver.connect(NonRegisteringDriver.java:283)
	at java.sql.DriverManager.getConnection(DriverManager.java:664)
	at java.sql.DriverManager.getConnection(DriverManager.java:208)
	at org.apache.ibatis.datasource.unpooled.UnpooledDataSource.doGetConnection(UnpooledDataSource.java:224)
	at org.apache.ibatis.datasource.unpooled.UnpooledDataSource.doGetConnection(UnpooledDataSource.java:219)
	at org.apache.ibatis.datasource.unpooled.UnpooledDataSource.getConnection(UnpooledDataSource.java:95)
	at org.apache.ibatis.datasource.pooled.PooledDataSource.popConnection(PooledDataSource.java:432)
	at org.apache.ibatis.datasource.pooled.PooledDataSource.getConnection(PooledDataSource.java:89)
	at org.apache.ibatis.transaction.jdbc.JdbcTransaction.openConnection(JdbcTransaction.java:139)
	at org.apache.ibatis.transaction.jdbc.JdbcTransaction.getConnection(JdbcTransaction.java:61)
	at org.apache.ibatis.executor.BaseExecutor.getConnection(BaseExecutor.java:337)
	at org.apache.ibatis.executor.SimpleExecutor.prepareStatement(SimpleExecutor.java:86)
	at org.apache.ibatis.executor.SimpleExecutor.doQuery(SimpleExecutor.java:62)
	at org.apache.ibatis.executor.BaseExecutor.queryFromDatabase(BaseExecutor.java:325)
	at org.apache.ibatis.executor.BaseExecutor.query(BaseExecutor.java:156)
	at org.apache.ibatis.executor.CachingExecutor.query(CachingExecutor.java:109)
	at org.apache.ibatis.executor.CachingExecutor.query(CachingExecutor.java:89)
	at org.apache.ibatis.session.defaults.DefaultSqlSession.selectList(DefaultSqlSession.java:151)
	... 37 more
</error>
    <system-out>[00:46:04.617] [DEBUG] [Finalizer] [org.apache.ibatis.datasource.pooled.PooledDataSource] [PooledDataSource forcefully closed/removed all connections.]
[00:46:04.618] [DEBUG] [Finalizer] [org.apache.ibatis.datasource.pooled.PooledDataSource] [PooledDataSource forcefully closed/removed all connections.]
[00:46:04.618] [DEBUG] [Finalizer] [org.apache.ibatis.datasource.pooled.PooledDataSource] [PooledDataSource forcefully closed/removed all connections.]
[00:46:04.618] [DEBUG] [Finalizer] [org.apache.ibatis.datasource.pooled.PooledDataSource] [PooledDataSource forcefully closed/removed all connections.]
[00:46:04.621] [DEBUG] [main] [org.apache.ibatis.io.DefaultVFS] [Find JAR URL: file:/D:/IDEA%20Java%20Coding/MyBatis/MyBatis_demo3/target/classes/com/atguigu/mybatis/pojo]
[00:46:04.621] [DEBUG] [main] [org.apache.ibatis.io.DefaultVFS] [Not a JAR: file:/D:/IDEA%20Java%20Coding/MyBatis/MyBatis_demo3/target/classes/com/atguigu/mybatis/pojo]
[00:46:04.621] [DEBUG] [main] [org.apache.ibatis.io.DefaultVFS] [Reader entry: Dept.class]
[00:46:04.621] [DEBUG] [main] [org.apache.ibatis.io.DefaultVFS] [Reader entry: Emp.class]
[00:46:04.621] [DEBUG] [main] [org.apache.ibatis.io.DefaultVFS] [Listing file:/D:/IDEA%20Java%20Coding/MyBatis/MyBatis_demo3/target/classes/com/atguigu/mybatis/pojo]
[00:46:04.621] [DEBUG] [main] [org.apache.ibatis.io.DefaultVFS] [Find JAR URL: file:/D:/IDEA%20Java%20Coding/MyBatis/MyBatis_demo3/target/classes/com/atguigu/mybatis/pojo/Dept.class]
[00:46:04.621] [DEBUG] [main] [org.apache.ibatis.io.DefaultVFS] [Not a JAR: file:/D:/IDEA%20Java%20Coding/MyBatis/MyBatis_demo3/target/classes/com/atguigu/mybatis/pojo/Dept.class]
[00:46:04.622] [DEBUG] [main] [org.apache.ibatis.io.DefaultVFS] [Reader entry: ����&amp;#0;&amp;#0;&amp;#0;1&amp;#0;D&amp;#7;&amp;#0;2]
[00:46:04.622] [DEBUG] [main] [org.apache.ibatis.io.DefaultVFS] [Find JAR URL: file:/D:/IDEA%20Java%20Coding/MyBatis/MyBatis_demo3/target/classes/com/atguigu/mybatis/pojo/Emp.class]
[00:46:04.622] [DEBUG] [main] [org.apache.ibatis.io.DefaultVFS] [Not a JAR: file:/D:/IDEA%20Java%20Coding/MyBatis/MyBatis_demo3/target/classes/com/atguigu/mybatis/pojo/Emp.class]
[00:46:04.622] [DEBUG] [main] [org.apache.ibatis.io.DefaultVFS] [Reader entry: ����&amp;#0;&amp;#0;&amp;#0;1&amp;#0;T&amp;#7;&amp;#0;&lt;]
[00:46:04.622] [DEBUG] [main] [org.apache.ibatis.io.ResolverUtil] [Checking to see if class com.atguigu.mybatis.pojo.Dept matches criteria [is assignable to Object]]
[00:46:04.622] [DEBUG] [main] [org.apache.ibatis.io.ResolverUtil] [Checking to see if class com.atguigu.mybatis.pojo.Emp matches criteria [is assignable to Object]]
[00:46:04.623] [DEBUG] [main] [org.apache.ibatis.datasource.pooled.PooledDataSource] [PooledDataSource forcefully closed/removed all connections.]
[00:46:04.624] [DEBUG] [main] [org.apache.ibatis.datasource.pooled.PooledDataSource] [PooledDataSource forcefully closed/removed all connections.]
[00:46:04.624] [DEBUG] [main] [org.apache.ibatis.datasource.pooled.PooledDataSource] [PooledDataSource forcefully closed/removed all connections.]
[00:46:04.624] [DEBUG] [main] [org.apache.ibatis.datasource.pooled.PooledDataSource] [PooledDataSource forcefully closed/removed all connections.]
[00:46:04.624] [DEBUG] [main] [org.apache.ibatis.io.DefaultVFS] [Find JAR URL: file:/D:/IDEA%20Java%20Coding/MyBatis/MyBatis_demo3/target/classes/com/atguigu/mybatis/mapper]
[00:46:04.624] [DEBUG] [main] [org.apache.ibatis.io.DefaultVFS] [Not a JAR: file:/D:/IDEA%20Java%20Coding/MyBatis/MyBatis_demo3/target/classes/com/atguigu/mybatis/mapper]
[00:46:04.625] [DEBUG] [main] [org.apache.ibatis.io.DefaultVFS] [Reader entry: CacheMapper.class]
[00:46:04.625] [DEBUG] [main] [org.apache.ibatis.io.DefaultVFS] [Reader entry: CacheMapper.xml]
[00:46:04.625] [DEBUG] [main] [org.apache.ibatis.io.DefaultVFS] [Reader entry: DeptMapper.class]
[00:46:04.625] [DEBUG] [main] [org.apache.ibatis.io.DefaultVFS] [Reader entry: DeptMapper.xml]
[00:46:04.625] [DEBUG] [main] [org.apache.ibatis.io.DefaultVFS] [Reader entry: DynamicSQLMapper.class]
[00:46:04.625] [DEBUG] [main] [org.apache.ibatis.io.DefaultVFS] [Reader entry: DynamicSQLMapper.xml]
[00:46:04.625] [DEBUG] [main] [org.apache.ibatis.io.DefaultVFS] [Reader entry: EmpMapper.class]
[00:46:04.626] [DEBUG] [main] [org.apache.ibatis.io.DefaultVFS] [Reader entry: EmpMapper.xml]
[00:46:04.626] [DEBUG] [main] [org.apache.ibatis.io.DefaultVFS] [Listing file:/D:/IDEA%20Java%20Coding/MyBatis/MyBatis_demo3/target/classes/com/atguigu/mybatis/mapper]
[00:46:04.626] [DEBUG] [main] [org.apache.ibatis.io.DefaultVFS] [Find JAR URL: file:/D:/IDEA%20Java%20Coding/MyBatis/MyBatis_demo3/target/classes/com/atguigu/mybatis/mapper/CacheMapper.class]
[00:46:04.626] [DEBUG] [main] [org.apache.ibatis.io.DefaultVFS] [Not a JAR: file:/D:/IDEA%20Java%20Coding/MyBatis/MyBatis_demo3/target/classes/com/atguigu/mybatis/mapper/CacheMapper.class]
[00:46:04.626] [DEBUG] [main] [org.apache.ibatis.io.DefaultVFS] [Reader entry: ����&amp;#0;&amp;#0;&amp;#0;1&amp;#0;&amp;#15;&amp;#7;&amp;#0;]
[00:46:04.626] [DEBUG] [main] [org.apache.ibatis.io.DefaultVFS] [Find JAR URL: file:/D:/IDEA%20Java%20Coding/MyBatis/MyBatis_demo3/target/classes/com/atguigu/mybatis/mapper/CacheMapper.xml]
[00:46:04.626] [DEBUG] [main] [org.apache.ibatis.io.DefaultVFS] [Not a JAR: file:/D:/IDEA%20Java%20Coding/MyBatis/MyBatis_demo3/target/classes/com/atguigu/mybatis/mapper/CacheMapper.xml]
[00:46:04.627] [DEBUG] [main] [org.apache.ibatis.io.DefaultVFS] [Reader entry: &lt;?xml version=&quot;1.0&quot; encoding=&quot;UTF-8&quot; ?&gt;]
[00:46:04.627] [DEBUG] [main] [org.apache.ibatis.io.DefaultVFS] [Find JAR URL: file:/D:/IDEA%20Java%20Coding/MyBatis/MyBatis_demo3/target/classes/com/atguigu/mybatis/mapper/DeptMapper.class]
[00:46:04.627] [DEBUG] [main] [org.apache.ibatis.io.DefaultVFS] [Not a JAR: file:/D:/IDEA%20Java%20Coding/MyBatis/MyBatis_demo3/target/classes/com/atguigu/mybatis/mapper/DeptMapper.class]
[00:46:04.627] [DEBUG] [main] [org.apache.ibatis.io.DefaultVFS] [Reader entry: ����&amp;#0;&amp;#0;&amp;#0;1&amp;#0;&amp;#15;&amp;#7;&amp;#0;]
[00:46:04.627] [DEBUG] [main] [org.apache.ibatis.io.DefaultVFS] [Find JAR URL: file:/D:/IDEA%20Java%20Coding/MyBatis/MyBatis_demo3/target/classes/com/atguigu/mybatis/mapper/DeptMapper.xml]
[00:46:04.627] [DEBUG] [main] [org.apache.ibatis.io.DefaultVFS] [Not a JAR: file:/D:/IDEA%20Java%20Coding/MyBatis/MyBatis_demo3/target/classes/com/atguigu/mybatis/mapper/DeptMapper.xml]
[00:46:04.627] [DEBUG] [main] [org.apache.ibatis.io.DefaultVFS] [Reader entry: &lt;?xml version=&quot;1.0&quot; encoding=&quot;UTF-8&quot; ?&gt;]
[00:46:04.628] [DEBUG] [main] [org.apache.ibatis.io.DefaultVFS] [Find JAR URL: file:/D:/IDEA%20Java%20Coding/MyBatis/MyBatis_demo3/target/classes/com/atguigu/mybatis/mapper/DynamicSQLMapper.class]
[00:46:04.628] [DEBUG] [main] [org.apache.ibatis.io.DefaultVFS] [Not a JAR: file:/D:/IDEA%20Java%20Coding/MyBatis/MyBatis_demo3/target/classes/com/atguigu/mybatis/mapper/DynamicSQLMapper.class]
[00:46:04.628] [DEBUG] [main] [org.apache.ibatis.io.DefaultVFS] [Reader entry: ����&amp;#0;&amp;#0;&amp;#0;1&amp;#0;&amp;#22;&amp;#7;&amp;#0;&amp;#20;&amp;#7;&amp;#0;&amp;#21;&amp;#1;&amp;#0;&amp;#17;getEmpByCondition&amp;#1;&amp;#0;0(Lcom/atguigu/mybatis/pojo/Emp;)Ljava/util/List;&amp;#1;&amp;#0;	Signature&amp;#1;&amp;#0;P(Lcom/atguigu/mybatis/pojo/Emp;)Ljava/util/List&lt;Lcom/atguigu/mybatis/pojo/Emp;&gt;;&amp;#1;&amp;#0;&amp;#14;getEmpByChoose&amp;#1;&amp;#0;&amp;#17;deleteMoreByArray&amp;#1;&amp;#0;&amp;#23;([Ljava/lang/Integer;)I&amp;#1;&amp;#0;&quot;RuntimeVisibleParameterAnnotations&amp;#1;&amp;#0;%Lorg/apache/ibatis/annotations/Param;&amp;#1;&amp;#0;&amp;#5;value&amp;#1;&amp;#0;&amp;#4;eids&amp;#1;&amp;#0;&amp;#16;insertMoreByList&amp;#1;&amp;#0;&amp;#19;(Ljava/util/List;)I&amp;#1;&amp;#0;3(Ljava/util/List&lt;Lcom/atguigu/mybatis/pojo/Emp;&gt;;)I&amp;#1;&amp;#0;&amp;#4;emps&amp;#1;&amp;#0;]
[00:46:04.628] [DEBUG] [main] [org.apache.ibatis.io.DefaultVFS] [Find JAR URL: file:/D:/IDEA%20Java%20Coding/MyBatis/MyBatis_demo3/target/classes/com/atguigu/mybatis/mapper/DynamicSQLMapper.xml]
[00:46:04.628] [DEBUG] [main] [org.apache.ibatis.io.DefaultVFS] [Not a JAR: file:/D:/IDEA%20Java%20Coding/MyBatis/MyBatis_demo3/target/classes/com/atguigu/mybatis/mapper/DynamicSQLMapper.xml]
[00:46:04.628] [DEBUG] [main] [org.apache.ibatis.io.DefaultVFS] [Reader entry: &lt;?xml version=&quot;1.0&quot; encoding=&quot;UTF-8&quot; ?&gt;]
[00:46:04.629] [DEBUG] [main] [org.apache.ibatis.io.DefaultVFS] [Find JAR URL: file:/D:/IDEA%20Java%20Coding/MyBatis/MyBatis_demo3/target/classes/com/atguigu/mybatis/mapper/EmpMapper.class]
[00:46:04.629] [DEBUG] [main] [org.apache.ibatis.io.DefaultVFS] [Not a JAR: file:/D:/IDEA%20Java%20Coding/MyBatis/MyBatis_demo3/target/classes/com/atguigu/mybatis/mapper/EmpMapper.class]
[00:46:04.629] [DEBUG] [main] [org.apache.ibatis.io.DefaultVFS] [Reader entry: ����&amp;#0;&amp;#0;&amp;#0;1&amp;#0;&amp;#22;&amp;#7;&amp;#0;&amp;#20;&amp;#7;&amp;#0;&amp;#21;&amp;#1;&amp;#0;	getAllEmp&amp;#1;&amp;#0;&amp;#18;()Ljava/util/List;&amp;#1;&amp;#0;	Signature&amp;#1;&amp;#0;2()Ljava/util/List&lt;Lcom/atguigu/mybatis/pojo/Emp;&gt;;&amp;#1;&amp;#0;]
[00:46:04.629] [DEBUG] [main] [org.apache.ibatis.io.DefaultVFS] [Find JAR URL: file:/D:/IDEA%20Java%20Coding/MyBatis/MyBatis_demo3/target/classes/com/atguigu/mybatis/mapper/EmpMapper.xml]
[00:46:04.629] [DEBUG] [main] [org.apache.ibatis.io.DefaultVFS] [Not a JAR: file:/D:/IDEA%20Java%20Coding/MyBatis/MyBatis_demo3/target/classes/com/atguigu/mybatis/mapper/EmpMapper.xml]
[00:46:04.629] [DEBUG] [main] [org.apache.ibatis.io.DefaultVFS] [Reader entry: &lt;?xml version=&quot;1.0&quot; encoding=&quot;UTF-8&quot; ?&gt;]
[00:46:04.630] [DEBUG] [main] [org.apache.ibatis.io.ResolverUtil] [Checking to see if class com.atguigu.mybatis.mapper.CacheMapper matches criteria [is assignable to Object]]
[00:46:04.630] [DEBUG] [main] [org.apache.ibatis.io.ResolverUtil] [Checking to see if class com.atguigu.mybatis.mapper.DeptMapper matches criteria [is assignable to Object]]
[00:46:04.630] [DEBUG] [main] [org.apache.ibatis.io.ResolverUtil] [Checking to see if class com.atguigu.mybatis.mapper.DynamicSQLMapper matches criteria [is assignable to Object]]
[00:46:04.630] [DEBUG] [main] [org.apache.ibatis.io.ResolverUtil] [Checking to see if class com.atguigu.mybatis.mapper.EmpMapper matches criteria [is assignable to Object]]
[00:46:04.650] [DEBUG] [main] [org.apache.ibatis.transaction.jdbc.JdbcTransaction] [Opening JDBC Connection]
</system-out>
  </testcase>
</testsuite>